09:41:55.546 [main                     ] DEBUG Logger               - Configured Logger
09:41:55.553 [main                     ] DEBUG GameApplication      - Logging settings
Title: Pong
Version: 1.0
Width: 800
Height: 600
Fullscreen: false
Intro: false
Profiling: false
Single step:false
App Mode: DEBUG
Menu Key: ESCAPE
Stage Style: DECORATED
Scene Factory: class com.almasb.fxgl.app.scene.SceneFactory

09:41:56.179 [JavaFX Application Thread] DEBUG FXGLApplication      - Initializing FXGL
09:41:56.186 [JavaFX Application Thread] INFO  Engine               - FXGL-11.11 (08.09.2020 18.00) on WINDOWS (J:22.0.2 FX:14)
09:41:56.186 [JavaFX Application Thread] DEBUG Engine               - JRE Vendor Name: Amazon.com Inc.
09:41:56.186 [JavaFX Application Thread] DEBUG Engine               - Running on OS: Windows 11 version 10.0
09:41:56.186 [JavaFX Application Thread] DEBUG Engine               - Architecture: amd64
09:41:56.188 [JavaFX Application Thread] INFO  Engine               - Source code and latest versions at: https://github.com/AlmasB/FXGL
09:41:56.188 [JavaFX Application Thread] INFO  Engine               -              Join the FXGL chat at: https://gitter.im/AlmasB/FXGL
09:41:56.354 [JavaFX Application Thread] DEBUG MainWindow           - Creating a JavaFX scene
09:41:56.420 [JavaFX Application Thread] DEBUG MainWindow           - Target settings size: 800.0 x 600.0
09:41:56.421 [JavaFX Application Thread] DEBUG MainWindow           - Scaled scene size:    800.0 x 600.0
09:41:56.421 [JavaFX Application Thread] DEBUG MainWindow           - Scaled ratio: (1.0, 1.0)
09:41:56.424 [JavaFX Application Thread] DEBUG MainWindow           - Set initial scene to StartupScene
09:41:56.450 [JavaFX Application Thread] DEBUG MainWindow           - Opening main window
09:41:56.636 [JavaFX Application Thread] DEBUG MainWindow           - Window border size: (14.4000244140625, 37.5999755859375)
09:41:56.637 [JavaFX Application Thread] DEBUG MainWindow           - Scaled size: 800.0 x 600.0
09:41:56.637 [JavaFX Application Thread] DEBUG MainWindow           - Scaled ratio: (1.0, 1.0)
09:41:56.637 [JavaFX Application Thread] DEBUG MainWindow           - Scene size: 800.0 x 600.0
09:41:56.638 [JavaFX Application Thread] DEBUG MainWindow           - Stage size: 814.4000244140625 x 637.5999755859375
09:41:56.657 [FXGL Background Thread 1 ] DEBUG Engine               - Initializing environment variables
09:41:56.739 [FXGL Background Thread 1 ] DEBUG GameApplicationServi - Applying CSS: fxgl_dark.css
09:41:56.741 [FXGL Background Thread 1 ] DEBUG FXGLAssetLoaderServi - Loading from file system: /assets/ui/css/fxgl_dark.css
09:41:56.875 [FXGL Background Thread 1 ] DEBUG GameApplicationServi - Initializing application scenes
09:41:56.967 [FXGL Background Thread 1 ] DEBUG GameWorld            - Game world initialized
09:41:57.074 [FXGL Background Thread 1 ] DEBUG PhysicsWorld         - Physics world initialized: appHeight=600, physics.ppm=50.0
09:41:57.078 [FXGL Background Thread 1 ] DEBUG GameScene            - Game scene initialized: 800x600
09:41:57.142 [FXGL Background Thread 1 ] DEBUG FXGLAssetLoaderServi - Loading from file system: /assets/textures/particles/trace_horizontal.png
09:41:57.227 [FXGL Background Thread 1 ] DEBUG FXGL.DefaultMenu     - createMenuBodyGameMenu()
09:41:57.255 [FXGL Background Thread 1 ] DEBUG FXGL.DefaultMenu     - createOptionsMenu()
09:41:57.270 [FXGL Background Thread 1 ] DEBUG FXGLAssetLoaderServi - Loading from file system: /assets/textures/particles/smoke.png
09:41:57.367 [FXGL Background Thread 1 ] DEBUG GameApplicationServi - Application scenes initialized
09:41:57.388 [FXGL Background Thread 1 ] DEBUG SystemBundleService  - Loading FXGL system data
09:41:57.393 [FXGL Background Thread 1 ] DEBUG FileSystemAccess     - Reading from: C:\Users\emily\OneDrive\Desktop\CI628\CI628-PongServer\system\fxgl.bundle
09:41:57.398 [FXGL Background Thread 1 ] DEBUG SystemBundleService  - Bundle FXGL: {}
09:41:57.398 [FXGL Background Thread 1 ] DEBUG UpdaterService       - Checking for updates
09:41:57.405 [FXGL Background Thread 1 ] DEBUG FXGLApplication      - Loading default localization
09:41:57.406 [FXGL Background Thread 1 ] DEBUG FXGLAssetLoaderServi - Loading from file system: /assets/languages/english.lang
09:41:57.427 [FXGL Background Thread 4 ] DEBUG FXGLApplication      - Loading fonts
09:41:57.428 [FXGL Background Thread 4 ] DEBUG FXGLAssetLoaderServi - Loading from file system: /assets/ui/fonts/pong.ttf
09:41:57.434 [FXGL Background Thread 1 ] INFO  FXGLApplication      - FXGL initialization took: 0.777 sec
09:41:57.452 [JavaFX Application Thread] DEBUG Input                - Registered new binding: Up1 - W
09:41:57.456 [JavaFX Application Thread] DEBUG Input                - Registered new binding: Down1 - S
09:41:57.457 [JavaFX Application Thread] DEBUG Input                - Registered new binding: Left1 - A
09:41:57.457 [JavaFX Application Thread] DEBUG Input                - Registered new binding: Right1 - D
09:41:57.461 [JavaFX Application Thread] DEBUG Input                - Registered new binding: Up2 - I
09:41:57.462 [JavaFX Application Thread] DEBUG Input                - Registered new binding: Down2 - K
09:41:57.462 [JavaFX Application Thread] DEBUG Input                - Registered new binding: Left2 - J
09:41:57.462 [JavaFX Application Thread] DEBUG Input                - Registered new binding: Right2 - L
09:41:57.462 [JavaFX Application Thread] DEBUG FXGLAssetLoaderServi - Loading from file system: /assets/textures/fxgl_icon.png
09:41:57.476 [FXGL Background Thread 4 ] DEBUG FXGLAssetLoaderServi - Loading from file system: /assets/ui/fonts/Abel-Regular.ttf
09:41:57.496 [JavaFX Application Thread] DEBUG FXGLAssetLoaderServi - Loading from file system: /assets/ui/cursors/fxgl_default.png
09:41:57.499 [JavaFX Application Thread] DEBUG Input                - Registered new binding: Screenshot - P
09:41:57.501 [JavaFX Application Thread] DEBUG Input                - Registered new binding: System info dump - CTRL+9
09:41:57.501 [JavaFX Application Thread] DEBUG Input                - Registered new binding: Restart - CTRL+R
09:41:57.502 [JavaFX Application Thread] DEBUG Input                - Registered new binding: Toggle Debug Camera - CTRL+C
09:41:57.506 [FXGL Background Thread 4 ] DEBUG FXGLAssetLoaderServi - Loading from file system: /assets/ui/fonts/lucida_console.ttf
09:41:57.519 [JavaFX Application Thread] DEBUG LoopRunner           - Starting loop
09:41:57.524 [JavaFX Application Thread] DEBUG GameApplicationServi - Starting new game
09:41:57.527 [JavaFX Application Thread] DEBUG Input                - Clearing active input actions
09:41:57.576 [FXGL Background Thread 4 ] DEBUG FXGLAssetLoaderServi - Loading from file system: /assets/ui/fonts/Courier-Prime.ttf
09:41:57.581 [JavaFX Application Thread] DEBUG GameApplicationServi - Removing overlay from StartupScene and adding to FXGLLoadingScene
09:41:57.582 [JavaFX Application Thread] DEBUG MainWindow           - StartupScene -> FXGLLoadingScene
09:41:57.583 [JavaFX Application Thread] DEBUG GameApplicationServi - Clearing previous game
09:41:57.585 [JavaFX Application Thread] DEBUG GameScene            - Clearing game scene
09:41:57.585 [JavaFX Application Thread] DEBUG GameWorld            - Clearing game world
09:41:57.585 [JavaFX Application Thread] DEBUG PhysicsWorld         - Clearing physics world
09:41:57.588 [FXGL Background Thread 1 ] DEBUG FXGLApplication      - Initializing game
09:41:57.696 [JavaFX Application Thread] DEBUG FXGLApplication      - Registering font factories with UI factory
09:41:57.699 [FXGL Background Thread 1 ] DEBUG FXGLAssetLoaderServi - Loading from file system: /assets/textures/bat.PNG
09:41:57.704 [FXGL Background Thread 1 ] DEBUG FXGLAssetLoaderServi - Loading from cache: /assets/textures/bat.PNG
09:41:57.711 [FXGL Background Thread 1 ] DEBUG FXGLAssetLoaderServi - Loading from file system: /assets/ui/main.fxml
09:41:57.717 [Thread-4                 ] DEBUG TCPServer            - Starting to listen at: 55555 type: class java.lang.String
09:41:57.889 [FXGL Background Thread 1 ] INFO  FXGLApplication      - Game initialization took: 0.301 sec
09:41:57.930 [JavaFX Application Thread] DEBUG Input                - Clearing active input actions
09:41:57.954 [JavaFX Application Thread] DEBUG GameApplicationServi - Removing overlay from FXGLLoadingScene and adding to GameScene
09:41:57.955 [JavaFX Application Thread] DEBUG MainWindow           - FXGLLoadingScene -> GameScene
09:41:58.389 [FXGL Background Thread 2 ] INFO  UpdaterService       - Your current version:  11.11
09:41:58.390 [FXGL Background Thread 2 ] INFO  UpdaterService       - Latest stable version: 21+dev-SNAPSHOT
09:41:59.033 [JavaFX Application Thread] DEBUG FXGLAssetLoaderServi - Loading from file system: /assets/sounds/hit_wall.wav
09:41:59.501 [JavaFX Application Thread] DEBUG FXGLAssetLoaderServi - Loading from cache: /assets/sounds/hit_wall.wav
09:42:00.094 [JavaFX Application Thread] DEBUG FXGLAssetLoaderServi - Loading from file system: /assets/sounds/hit_bat.wav
09:42:00.404 [FXGL Background Thread 3 ] DEBUG Engine               - Logging environment variables
09:42:00.406 [FXGL Background Thread 3 ] DEBUG Engine               - achievements: []
09:42:00.407 [FXGL Background Thread 3 ] DEBUG Engine               - appIcon: fxgl_icon.png
09:42:00.408 [FXGL Background Thread 3 ] DEBUG Engine               - applicationMode: DEBUG
09:42:00.408 [FXGL Background Thread 3 ] DEBUG Engine               - cSSList: [fxgl_dark.css]
09:42:00.408 [FXGL Background Thread 3 ] DEBUG Engine               - configClass: Optional.empty
09:42:00.408 [FXGL Background Thread 3 ] DEBUG Engine               - credits: []
09:42:00.409 [FXGL Background Thread 3 ] DEBUG Engine               - devBBoxColorProperty: ObjectProperty [value: 0xff0000ff]
09:42:00.409 [FXGL Background Thread 3 ] DEBUG Engine               - devEnableDebugCameraProperty: BooleanProperty [value: false]
09:42:00.409 [FXGL Background Thread 3 ] DEBUG Engine               - devSensorColorProperty: ObjectProperty [value: 0xffff00ff]
09:42:00.410 [FXGL Background Thread 3 ] DEBUG Engine               - devShowBBoxProperty: BooleanProperty [value: false]
09:42:00.410 [FXGL Background Thread 3 ] DEBUG Engine               - devShowPositionProperty: BooleanProperty [value: false]
09:42:00.410 [FXGL Background Thread 3 ] DEBUG Engine               - enabledMenuItems: []
09:42:00.410 [FXGL Background Thread 3 ] DEBUG Engine               - engineServices: [class com.almasb.fxgl.app.FXGLApplication$GameApplicationService, class com.almasb.fxgl.app.services.FXGLDialogService, class com.almasb.fxgl.app.services.IOTaskExecutorService, class com.almasb.fxgl.event.EventBusService, class com.almasb.fxgl.io.FileSystemService, class com.almasb.fxgl.localization.LocalizationService, class com.almasb.fxgl.app.services.FXGLAssetLoaderService, class com.almasb.fxgl.app.services.SystemBundleService, class com.almasb.fxgl.profile.SaveLoadService, class com.almasb.fxgl.ui.FXGLUIFactoryServiceProvider, class com.almasb.fxgl.ui.FXGLDialogFactoryServiceProvider, class com.almasb.fxgl.audio.AudioPlayer, class com.almasb.fxgl.notification.impl.NotificationServiceProvider, class com.almasb.fxgl.achievement.AchievementService, class com.almasb.fxgl.cutscene.CutsceneService, class com.almasb.fxgl.minigames.MiniGameService, class com.almasb.fxgl.net.NetService, class com.almasb.fxgl.app.services.UpdaterService, class com.almasb.fxgl.dev.DevService]
09:42:00.410 [FXGL Background Thread 3 ] DEBUG Engine               - fontGame: Abel-Regular.ttf
09:42:00.411 [FXGL Background Thread 3 ] DEBUG Engine               - fontMono: lucida_console.ttf
09:42:00.411 [FXGL Background Thread 3 ] DEBUG Engine               - fontText: Courier-Prime.ttf
09:42:00.411 [FXGL Background Thread 3 ] DEBUG Engine               - fontUI: pong.ttf
09:42:00.411 [FXGL Background Thread 3 ] DEBUG Engine               - fullScreen: BooleanProperty [value: false]
09:42:00.411 [FXGL Background Thread 3 ] DEBUG Engine               - gameDifficulty: MEDIUM
09:42:00.411 [FXGL Background Thread 3 ] DEBUG Engine               - gameDifficultyProperty: ObjectProperty [value: MEDIUM]
09:42:00.411 [FXGL Background Thread 3 ] DEBUG Engine               - globalMusicVolume: 0.5
09:42:00.413 [FXGL Background Thread 3 ] DEBUG Engine               - globalMusicVolumeProperty: DoubleProperty [value: 0.5]
09:42:00.413 [FXGL Background Thread 3 ] DEBUG Engine               - globalSoundVolume: 0.5
09:42:00.413 [FXGL Background Thread 3 ] DEBUG Engine               - globalSoundVolumeProperty: DoubleProperty [value: 0.5]
09:42:00.413 [FXGL Background Thread 3 ] DEBUG Engine               - height: 600
09:42:00.413 [FXGL Background Thread 3 ] DEBUG Engine               - isAndroid: false
09:42:00.414 [FXGL Background Thread 3 ] DEBUG Engine               - isBrowser: false
09:42:00.414 [FXGL Background Thread 3 ] DEBUG Engine               - isClickFeedbackEnabled: false
09:42:00.414 [FXGL Background Thread 3 ] DEBUG Engine               - isCloseConfirmation: false
09:42:00.414 [FXGL Background Thread 3 ] DEBUG Engine               - isDesktop: true
09:42:00.414 [FXGL Background Thread 3 ] DEBUG Engine               - isDeveloperMenuEnabled: false
09:42:00.414 [FXGL Background Thread 3 ] DEBUG Engine               - isEntityPreloadEnabled: true
09:42:00.414 [FXGL Background Thread 3 ] DEBUG Engine               - isExperimentalNative: false
09:42:00.414 [FXGL Background Thread 3 ] DEBUG Engine               - isExperimentalTiledLargeMap: false
09:42:00.414 [FXGL Background Thread 3 ] DEBUG Engine               - isFileSystemWriteAllowed: true
09:42:00.414 [FXGL Background Thread 3 ] DEBUG Engine               - isFullScreenAllowed: false
09:42:00.415 [FXGL Background Thread 3 ] DEBUG Engine               - isFullScreenFromStart: false
09:42:00.415 [FXGL Background Thread 3 ] DEBUG Engine               - isGameMenuEnabled: true
09:42:00.415 [FXGL Background Thread 3 ] DEBUG Engine               - isIOS: false
09:42:00.415 [FXGL Background Thread 3 ] DEBUG Engine               - isIntroEnabled: false
09:42:00.415 [FXGL Background Thread 3 ] DEBUG Engine               - isLinux: false
09:42:00.415 [FXGL Background Thread 3 ] DEBUG Engine               - isMac: false
09:42:00.415 [FXGL Background Thread 3 ] DEBUG Engine               - isMainMenuEnabled: false
09:42:00.416 [FXGL Background Thread 3 ] DEBUG Engine               - isManualResizeEnabled: false
09:42:00.416 [FXGL Background Thread 3 ] DEBUG Engine               - isMobile: false
09:42:00.416 [FXGL Background Thread 3 ] DEBUG Engine               - isPreserveResizeRatio: false
09:42:00.416 [FXGL Background Thread 3 ] DEBUG Engine               - isProfilingEnabled: false
09:42:00.416 [FXGL Background Thread 3 ] DEBUG Engine               - isSingleStep: false
09:42:00.416 [FXGL Background Thread 3 ] DEBUG Engine               - isUserProfileEnabled: false
09:42:00.416 [FXGL Background Thread 3 ] DEBUG Engine               - isWindows: true
09:42:00.418 [FXGL Background Thread 3 ] DEBUG Engine               - language: ObjectProperty [value: ENGLISH]
09:42:00.418 [FXGL Background Thread 3 ] DEBUG Engine               - menuKey: ESCAPE
09:42:00.418 [FXGL Background Thread 3 ] DEBUG Engine               - notificationViewClass: class com.almasb.fxgl.notification.view.XboxNotificationView
09:42:00.418 [FXGL Background Thread 3 ] DEBUG Engine               - pixelsPerMeter: 50.0
09:42:00.418 [FXGL Background Thread 3 ] DEBUG Engine               - platform: WINDOWS
09:42:00.418 [FXGL Background Thread 3 ] DEBUG Engine               - profileDir: profiles/
09:42:00.418 [FXGL Background Thread 3 ] DEBUG Engine               - profileName: StringProperty [value: DEFAULT]
09:42:00.419 [FXGL Background Thread 3 ] DEBUG Engine               - randomSeed: -1
09:42:00.420 [FXGL Background Thread 3 ] DEBUG Engine               - runtimeInfo: RuntimeInfo(platform=WINDOWS, version=11.11, build=08.09.2020 18.00)
09:42:00.421 [FXGL Background Thread 3 ] DEBUG Engine               - saveFileExt: sav
09:42:00.422 [FXGL Background Thread 3 ] DEBUG Engine               - sceneFactory: com.almasb.fxgl.app.scene.SceneFactory@62567854
09:42:00.422 [FXGL Background Thread 3 ] DEBUG Engine               - secondsIn24h: 60
09:42:00.423 [FXGL Background Thread 3 ] DEBUG Engine               - soundMenuBack: menu/back.wav
09:42:00.424 [FXGL Background Thread 3 ] DEBUG Engine               - soundMenuPress: menu/press.wav
09:42:00.424 [FXGL Background Thread 3 ] DEBUG Engine               - soundMenuSelect: menu/select.wav
09:42:00.424 [FXGL Background Thread 3 ] DEBUG Engine               - soundNotification: core/notification.wav
09:42:00.424 [FXGL Background Thread 3 ] DEBUG Engine               - stageStyle: DECORATED
09:42:00.425 [FXGL Background Thread 3 ] DEBUG Engine               - supportedLanguages: [ENGLISH, FRENCH, GERMAN, HUNGARIAN, RUSSIAN]
09:42:00.425 [FXGL Background Thread 3 ] DEBUG Engine               - title: Pong
09:42:00.425 [FXGL Background Thread 3 ] DEBUG Engine               - urlGithub: https://github.com/AlmasB/FXGL
09:42:00.425 [FXGL Background Thread 3 ] DEBUG Engine               - urlLeaderboard: http://fxgl-top.herokuapp.com/
09:42:00.425 [FXGL Background Thread 3 ] DEBUG Engine               - urlPOM: https://raw.githubusercontent.com/AlmasB/FXGL/master/pom.xml
09:42:00.425 [FXGL Background Thread 3 ] DEBUG Engine               - version: 1.0
09:42:00.426 [FXGL Background Thread 3 ] DEBUG Engine               - versionCheckDays: 7
09:42:00.426 [FXGL Background Thread 3 ] DEBUG Engine               - width: 800
09:42:00.426 [FXGL Background Thread 3 ] DEBUG Engine               - Logging services
09:42:00.426 [FXGL Background Thread 3 ] DEBUG Engine               - class com.almasb.fxgl.app.FXGLApplication$GameApplicationService
09:42:00.426 [FXGL Background Thread 3 ] DEBUG Engine               - class com.almasb.fxgl.app.services.FXGLDialogService
09:42:00.426 [FXGL Background Thread 3 ] DEBUG Engine               - class com.almasb.fxgl.app.services.IOTaskExecutorService
09:42:00.426 [FXGL Background Thread 3 ] DEBUG Engine               - class com.almasb.fxgl.event.EventBusService
09:42:00.426 [FXGL Background Thread 3 ] DEBUG Engine               - class com.almasb.fxgl.io.FileSystemService
09:42:00.426 [FXGL Background Thread 3 ] DEBUG Engine               - class com.almasb.fxgl.localization.LocalizationService
09:42:00.426 [FXGL Background Thread 3 ] DEBUG Engine               - class com.almasb.fxgl.app.services.FXGLAssetLoaderService
09:42:00.426 [FXGL Background Thread 3 ] DEBUG Engine               - class com.almasb.fxgl.app.services.SystemBundleService
09:42:00.428 [FXGL Background Thread 3 ] DEBUG Engine               - class com.almasb.fxgl.profile.SaveLoadService
09:42:00.428 [FXGL Background Thread 3 ] DEBUG Engine               - class com.almasb.fxgl.ui.FXGLUIFactoryServiceProvider
09:42:00.428 [FXGL Background Thread 3 ] DEBUG Engine               - class com.almasb.fxgl.ui.FXGLDialogFactoryServiceProvider
09:42:00.428 [FXGL Background Thread 3 ] DEBUG Engine               - class com.almasb.fxgl.audio.AudioPlayer
09:42:00.428 [FXGL Background Thread 3 ] DEBUG Engine               - class com.almasb.fxgl.notification.impl.NotificationServiceProvider
09:42:00.428 [FXGL Background Thread 3 ] DEBUG Engine               - class com.almasb.fxgl.achievement.AchievementService
09:42:00.428 [FXGL Background Thread 3 ] DEBUG Engine               - class com.almasb.fxgl.cutscene.CutsceneService
09:42:00.428 [FXGL Background Thread 3 ] DEBUG Engine               - class com.almasb.fxgl.minigames.MiniGameService
09:42:00.429 [FXGL Background Thread 3 ] DEBUG Engine               - class com.almasb.fxgl.net.NetService
09:42:00.429 [FXGL Background Thread 3 ] DEBUG Engine               - class com.almasb.fxgl.app.services.UpdaterService
09:42:00.429 [FXGL Background Thread 3 ] DEBUG Engine               - class com.almasb.fxgl.dev.DevService
09:42:00.662 [JavaFX Application Thread] DEBUG FXGLAssetLoaderServi - Loading from cache: /assets/sounds/hit_wall.wav
09:42:02.772 [JavaFX Application Thread] DEBUG FXGLAssetLoaderServi - Loading from cache: /assets/sounds/hit_wall.wav
09:42:03.286 [JavaFX Application Thread] DEBUG FXGLAssetLoaderServi - Loading from cache: /assets/sounds/hit_wall.wav
09:42:05.185 [JavaFX Application Thread] DEBUG FXGLAssetLoaderServi - Loading from cache: /assets/sounds/hit_bat.wav
09:42:07.074 [JavaFX Application Thread] DEBUG FXGLAssetLoaderServi - Loading from cache: /assets/sounds/hit_wall.wav
09:42:08.145 [JavaFX Application Thread] DEBUG FXGLApplication      - Exiting FXGL
09:42:08.145 [JavaFX Application Thread] DEBUG LoopRunner           - Stopping loop
09:42:08.145 [JavaFX Application Thread] DEBUG SystemBundleService  - Saving FXGL system data
09:42:08.147 [JavaFX Application Thread] DEBUG FileSystemAccess     - Writing to: C:\Users\emily\OneDrive\Desktop\CI628\CI628-PongServer\system\fxgl.bundle
09:42:08.148 [JavaFX Application Thread] DEBUG Async                - Shutting down background threads
09:42:08.149 [JavaFX Application Thread] DEBUG MainWindow           - Closing main window
09:42:08.168 [JavaFX Application Thread] DEBUG Logger               - Closing Logger
