09:47:37.957 [main                     ] DEBUG Logger               - Configured Logger
09:47:37.964 [main                     ] DEBUG GameApplication      - Logging settings
Title: Pong
Version: 1.0
Width: 800
Height: 600
Fullscreen: false
Intro: false
Profiling: false
Single step:false
App Mode: DEBUG
Menu Key: ESCAPE
Stage Style: DECORATED
Scene Factory: class com.almasb.fxgl.app.scene.SceneFactory

09:47:38.730 [JavaFX Application Thread] DEBUG FXGLApplication      - Initializing FXGL
09:47:38.739 [JavaFX Application Thread] INFO  Engine               - FXGL-11.11 (08.09.2020 18.00) on WINDOWS (J:22.0.2 FX:14)
09:47:38.741 [JavaFX Application Thread] DEBUG Engine               - JRE Vendor Name: Amazon.com Inc.
09:47:38.741 [JavaFX Application Thread] DEBUG Engine               - Running on OS: Windows 11 version 10.0
09:47:38.741 [JavaFX Application Thread] DEBUG Engine               - Architecture: amd64
09:47:38.741 [JavaFX Application Thread] INFO  Engine               - Source code and latest versions at: https://github.com/AlmasB/FXGL
09:47:38.742 [JavaFX Application Thread] INFO  Engine               -              Join the FXGL chat at: https://gitter.im/AlmasB/FXGL
09:47:38.913 [JavaFX Application Thread] DEBUG MainWindow           - Creating a JavaFX scene
09:47:39.010 [JavaFX Application Thread] DEBUG MainWindow           - Target settings size: 800.0 x 600.0
09:47:39.011 [JavaFX Application Thread] DEBUG MainWindow           - Scaled scene size:    800.0 x 600.0
09:47:39.011 [JavaFX Application Thread] DEBUG MainWindow           - Scaled ratio: (1.0, 1.0)
09:47:39.014 [JavaFX Application Thread] DEBUG MainWindow           - Set initial scene to StartupScene
09:47:39.026 [JavaFX Application Thread] DEBUG MainWindow           - Opening main window
09:47:39.225 [JavaFX Application Thread] DEBUG MainWindow           - Window border size: (14.4000244140625, 37.5999755859375)
09:47:39.226 [JavaFX Application Thread] DEBUG MainWindow           - Scaled size: 800.0 x 600.0
09:47:39.226 [JavaFX Application Thread] DEBUG MainWindow           - Scaled ratio: (1.0, 1.0)
09:47:39.227 [JavaFX Application Thread] DEBUG MainWindow           - Scene size: 800.0 x 600.0
09:47:39.227 [JavaFX Application Thread] DEBUG MainWindow           - Stage size: 814.4000244140625 x 637.5999755859375
09:47:39.253 [FXGL Background Thread 1 ] DEBUG Engine               - Initializing environment variables
09:47:39.372 [FXGL Background Thread 1 ] DEBUG GameApplicationServi - Applying CSS: fxgl_dark.css
09:47:39.373 [FXGL Background Thread 1 ] DEBUG FXGLAssetLoaderServi - Loading from file system: /assets/ui/css/fxgl_dark.css
09:47:39.524 [FXGL Background Thread 1 ] DEBUG GameApplicationServi - Initializing application scenes
09:47:39.618 [FXGL Background Thread 1 ] DEBUG GameWorld            - Game world initialized
09:47:39.768 [FXGL Background Thread 1 ] DEBUG PhysicsWorld         - Physics world initialized: appHeight=600, physics.ppm=50.0
09:47:39.772 [FXGL Background Thread 1 ] DEBUG GameScene            - Game scene initialized: 800x600
09:47:39.846 [FXGL Background Thread 1 ] DEBUG FXGLAssetLoaderServi - Loading from file system: /assets/textures/particles/trace_horizontal.png
09:47:39.958 [FXGL Background Thread 1 ] DEBUG FXGL.DefaultMenu     - createMenuBodyGameMenu()
09:47:39.993 [FXGL Background Thread 1 ] DEBUG FXGL.DefaultMenu     - createOptionsMenu()
09:47:40.004 [FXGL Background Thread 1 ] DEBUG FXGLAssetLoaderServi - Loading from file system: /assets/textures/particles/smoke.png
09:47:40.115 [FXGL Background Thread 1 ] DEBUG GameApplicationServi - Application scenes initialized
09:47:40.138 [FXGL Background Thread 1 ] DEBUG SystemBundleService  - Loading FXGL system data
09:47:40.142 [FXGL Background Thread 1 ] DEBUG FileSystemAccess     - Reading from: C:\Users\emily\OneDrive\Desktop\CI628\CI628-PongServer\system\fxgl.bundle
09:47:40.146 [FXGL Background Thread 1 ] DEBUG SystemBundleService  - Bundle FXGL: {}
09:47:40.147 [FXGL Background Thread 1 ] DEBUG UpdaterService       - Checking for updates
09:47:40.157 [FXGL Background Thread 4 ] DEBUG FXGLApplication      - Loading fonts
09:47:40.158 [FXGL Background Thread 1 ] DEBUG FXGLApplication      - Loading default localization
09:47:40.158 [FXGL Background Thread 4 ] DEBUG FXGLAssetLoaderServi - Loading from file system: /assets/ui/fonts/pong.ttf
09:47:40.158 [FXGL Background Thread 1 ] DEBUG FXGLAssetLoaderServi - Loading from file system: /assets/languages/english.lang
09:47:40.194 [FXGL Background Thread 1 ] INFO  FXGLApplication      - FXGL initialization took: 0.940 sec
09:47:40.211 [FXGL Background Thread 4 ] DEBUG FXGLAssetLoaderServi - Loading from file system: /assets/ui/fonts/Abel-Regular.ttf
09:47:40.213 [JavaFX Application Thread] DEBUG Input                - Registered new binding: Up1 - W
09:47:40.214 [JavaFX Application Thread] DEBUG Input                - Registered new binding: Down1 - S
09:47:40.214 [JavaFX Application Thread] DEBUG Input                - Registered new binding: Left1 - A
09:47:40.214 [JavaFX Application Thread] DEBUG Input                - Registered new binding: Right1 - D
09:47:40.215 [JavaFX Application Thread] DEBUG Input                - Registered new binding: Up2 - I
09:47:40.215 [JavaFX Application Thread] DEBUG Input                - Registered new binding: Down2 - K
09:47:40.216 [JavaFX Application Thread] DEBUG Input                - Registered new binding: Left2 - J
09:47:40.220 [JavaFX Application Thread] DEBUG Input                - Registered new binding: Right2 - L
09:47:40.221 [JavaFX Application Thread] DEBUG FXGLAssetLoaderServi - Loading from file system: /assets/textures/fxgl_icon.png
09:47:40.242 [FXGL Background Thread 4 ] DEBUG FXGLAssetLoaderServi - Loading from file system: /assets/ui/fonts/lucida_console.ttf
09:47:40.265 [JavaFX Application Thread] DEBUG FXGLAssetLoaderServi - Loading from file system: /assets/ui/cursors/fxgl_default.png
09:47:40.281 [JavaFX Application Thread] DEBUG Input                - Registered new binding: Screenshot - P
09:47:40.282 [JavaFX Application Thread] DEBUG Input                - Registered new binding: System info dump - CTRL+9
09:47:40.282 [JavaFX Application Thread] DEBUG Input                - Registered new binding: Restart - CTRL+R
09:47:40.285 [JavaFX Application Thread] DEBUG Input                - Registered new binding: Toggle Debug Camera - CTRL+C
09:47:40.289 [FXGL Background Thread 4 ] DEBUG FXGLAssetLoaderServi - Loading from file system: /assets/ui/fonts/Courier-Prime.ttf
09:47:40.293 [JavaFX Application Thread] DEBUG LoopRunner           - Starting loop
09:47:40.295 [JavaFX Application Thread] DEBUG GameApplicationServi - Starting new game
09:47:40.296 [JavaFX Application Thread] DEBUG Input                - Clearing active input actions
09:47:40.346 [JavaFX Application Thread] DEBUG GameApplicationServi - Removing overlay from StartupScene and adding to FXGLLoadingScene
09:47:40.347 [JavaFX Application Thread] DEBUG MainWindow           - StartupScene -> FXGLLoadingScene
09:47:40.347 [JavaFX Application Thread] DEBUG GameApplicationServi - Clearing previous game
09:47:40.347 [JavaFX Application Thread] DEBUG GameScene            - Clearing game scene
09:47:40.348 [JavaFX Application Thread] DEBUG GameWorld            - Clearing game world
09:47:40.348 [JavaFX Application Thread] DEBUG PhysicsWorld         - Clearing physics world
09:47:40.355 [FXGL Background Thread 4 ] DEBUG FXGLApplication      - Initializing game
09:47:40.477 [JavaFX Application Thread] DEBUG FXGLApplication      - Registering font factories with UI factory
09:47:40.500 [FXGL Background Thread 4 ] DEBUG FXGLAssetLoaderServi - Loading from file system: /assets/textures/bat.PNG
09:47:40.514 [FXGL Background Thread 4 ] DEBUG FXGLAssetLoaderServi - Loading from cache: /assets/textures/bat.PNG
09:47:40.520 [FXGL Background Thread 4 ] DEBUG FXGLAssetLoaderServi - Loading from file system: /assets/ui/main.fxml
09:47:40.615 [Thread-4                 ] DEBUG TCPServer            - Starting to listen at: 55555 type: class java.lang.String
09:47:40.741 [FXGL Background Thread 4 ] INFO  FXGLApplication      - Game initialization took: 0.386 sec
09:47:40.742 [JavaFX Application Thread] DEBUG Input                - Clearing active input actions
09:47:40.776 [JavaFX Application Thread] DEBUG GameApplicationServi - Removing overlay from FXGLLoadingScene and adding to GameScene
09:47:40.777 [JavaFX Application Thread] DEBUG MainWindow           - FXGLLoadingScene -> GameScene
09:47:41.279 [FXGL Background Thread 2 ] INFO  UpdaterService       - Your current version:  11.11
09:47:41.280 [FXGL Background Thread 2 ] INFO  UpdaterService       - Latest stable version: 21+dev-SNAPSHOT
09:47:41.911 [JavaFX Application Thread] DEBUG FXGLAssetLoaderServi - Loading from file system: /assets/sounds/hit_wall.wav
09:47:42.465 [JavaFX Application Thread] DEBUG FXGLAssetLoaderServi - Loading from cache: /assets/sounds/hit_wall.wav
09:47:43.028 [JavaFX Application Thread] DEBUG FXGLAssetLoaderServi - Loading from file system: /assets/sounds/hit_bat.wav
09:47:43.156 [FXGL Background Thread 3 ] DEBUG Engine               - Logging environment variables
09:47:43.156 [FXGL Background Thread 3 ] DEBUG Engine               - achievements: []
09:47:43.156 [FXGL Background Thread 3 ] DEBUG Engine               - appIcon: fxgl_icon.png
09:47:43.156 [FXGL Background Thread 3 ] DEBUG Engine               - applicationMode: DEBUG
09:47:43.156 [FXGL Background Thread 3 ] DEBUG Engine               - cSSList: [fxgl_dark.css]
09:47:43.156 [FXGL Background Thread 3 ] DEBUG Engine               - configClass: Optional.empty
09:47:43.159 [FXGL Background Thread 3 ] DEBUG Engine               - credits: []
09:47:43.170 [FXGL Background Thread 3 ] DEBUG Engine               - devBBoxColorProperty: ObjectProperty [value: 0xff0000ff]
09:47:43.171 [FXGL Background Thread 3 ] DEBUG Engine               - devEnableDebugCameraProperty: BooleanProperty [value: false]
09:47:43.171 [FXGL Background Thread 3 ] DEBUG Engine               - devSensorColorProperty: ObjectProperty [value: 0xffff00ff]
09:47:43.172 [FXGL Background Thread 3 ] DEBUG Engine               - devShowBBoxProperty: BooleanProperty [value: false]
09:47:43.172 [FXGL Background Thread 3 ] DEBUG Engine               - devShowPositionProperty: BooleanProperty [value: false]
09:47:43.172 [FXGL Background Thread 3 ] DEBUG Engine               - enabledMenuItems: []
09:47:43.174 [FXGL Background Thread 3 ] DEBUG Engine               - engineServices: [class com.almasb.fxgl.app.FXGLApplication$GameApplicationService, class com.almasb.fxgl.app.services.FXGLDialogService, class com.almasb.fxgl.app.services.IOTaskExecutorService, class com.almasb.fxgl.event.EventBusService, class com.almasb.fxgl.io.FileSystemService, class com.almasb.fxgl.localization.LocalizationService, class com.almasb.fxgl.app.services.FXGLAssetLoaderService, class com.almasb.fxgl.app.services.SystemBundleService, class com.almasb.fxgl.profile.SaveLoadService, class com.almasb.fxgl.ui.FXGLUIFactoryServiceProvider, class com.almasb.fxgl.ui.FXGLDialogFactoryServiceProvider, class com.almasb.fxgl.audio.AudioPlayer, class com.almasb.fxgl.notification.impl.NotificationServiceProvider, class com.almasb.fxgl.achievement.AchievementService, class com.almasb.fxgl.cutscene.CutsceneService, class com.almasb.fxgl.minigames.MiniGameService, class com.almasb.fxgl.net.NetService, class com.almasb.fxgl.app.services.UpdaterService, class com.almasb.fxgl.dev.DevService]
09:47:43.174 [FXGL Background Thread 3 ] DEBUG Engine               - fontGame: Abel-Regular.ttf
09:47:43.175 [FXGL Background Thread 3 ] DEBUG Engine               - fontMono: lucida_console.ttf
09:47:43.175 [FXGL Background Thread 3 ] DEBUG Engine               - fontText: Courier-Prime.ttf
09:47:43.176 [FXGL Background Thread 3 ] DEBUG Engine               - fontUI: pong.ttf
09:47:43.176 [FXGL Background Thread 3 ] DEBUG Engine               - fullScreen: BooleanProperty [value: false]
09:47:43.176 [FXGL Background Thread 3 ] DEBUG Engine               - gameDifficulty: MEDIUM
09:47:43.177 [FXGL Background Thread 3 ] DEBUG Engine               - gameDifficultyProperty: ObjectProperty [value: MEDIUM]
09:47:43.177 [FXGL Background Thread 3 ] DEBUG Engine               - globalMusicVolume: 0.5
09:47:43.177 [FXGL Background Thread 3 ] DEBUG Engine               - globalMusicVolumeProperty: DoubleProperty [value: 0.5]
09:47:43.177 [FXGL Background Thread 3 ] DEBUG Engine               - globalSoundVolume: 0.5
09:47:43.178 [FXGL Background Thread 3 ] DEBUG Engine               - globalSoundVolumeProperty: DoubleProperty [value: 0.5]
09:47:43.178 [FXGL Background Thread 3 ] DEBUG Engine               - height: 600
09:47:43.178 [FXGL Background Thread 3 ] DEBUG Engine               - isAndroid: false
09:47:43.178 [FXGL Background Thread 3 ] DEBUG Engine               - isBrowser: false
09:47:43.178 [FXGL Background Thread 3 ] DEBUG Engine               - isClickFeedbackEnabled: false
09:47:43.178 [FXGL Background Thread 3 ] DEBUG Engine               - isCloseConfirmation: false
09:47:43.179 [FXGL Background Thread 3 ] DEBUG Engine               - isDesktop: true
09:47:43.179 [FXGL Background Thread 3 ] DEBUG Engine               - isDeveloperMenuEnabled: false
09:47:43.179 [FXGL Background Thread 3 ] DEBUG Engine               - isEntityPreloadEnabled: true
09:47:43.179 [FXGL Background Thread 3 ] DEBUG Engine               - isExperimentalNative: false
09:47:43.179 [FXGL Background Thread 3 ] DEBUG Engine               - isExperimentalTiledLargeMap: false
09:47:43.179 [FXGL Background Thread 3 ] DEBUG Engine               - isFileSystemWriteAllowed: true
09:47:43.179 [FXGL Background Thread 3 ] DEBUG Engine               - isFullScreenAllowed: false
09:47:43.179 [FXGL Background Thread 3 ] DEBUG Engine               - isFullScreenFromStart: false
09:47:43.179 [FXGL Background Thread 3 ] DEBUG Engine               - isGameMenuEnabled: true
09:47:43.182 [FXGL Background Thread 3 ] DEBUG Engine               - isIOS: false
09:47:43.182 [FXGL Background Thread 3 ] DEBUG Engine               - isIntroEnabled: false
09:47:43.182 [FXGL Background Thread 3 ] DEBUG Engine               - isLinux: false
09:47:43.184 [FXGL Background Thread 3 ] DEBUG Engine               - isMac: false
09:47:43.188 [FXGL Background Thread 3 ] DEBUG Engine               - isMainMenuEnabled: false
09:47:43.189 [FXGL Background Thread 3 ] DEBUG Engine               - isManualResizeEnabled: false
09:47:43.190 [FXGL Background Thread 3 ] DEBUG Engine               - isMobile: false
09:47:43.190 [FXGL Background Thread 3 ] DEBUG Engine               - isPreserveResizeRatio: false
09:47:43.190 [FXGL Background Thread 3 ] DEBUG Engine               - isProfilingEnabled: false
09:47:43.190 [FXGL Background Thread 3 ] DEBUG Engine               - isSingleStep: false
09:47:43.192 [FXGL Background Thread 3 ] DEBUG Engine               - isUserProfileEnabled: false
09:47:43.192 [FXGL Background Thread 3 ] DEBUG Engine               - isWindows: true
09:47:43.193 [FXGL Background Thread 3 ] DEBUG Engine               - language: ObjectProperty [value: ENGLISH]
09:47:43.193 [FXGL Background Thread 3 ] DEBUG Engine               - menuKey: ESCAPE
09:47:43.193 [FXGL Background Thread 3 ] DEBUG Engine               - notificationViewClass: class com.almasb.fxgl.notification.view.XboxNotificationView
09:47:43.193 [FXGL Background Thread 3 ] DEBUG Engine               - pixelsPerMeter: 50.0
09:47:43.193 [FXGL Background Thread 3 ] DEBUG Engine               - platform: WINDOWS
09:47:43.193 [FXGL Background Thread 3 ] DEBUG Engine               - profileDir: profiles/
09:47:43.194 [FXGL Background Thread 3 ] DEBUG Engine               - profileName: StringProperty [value: DEFAULT]
09:47:43.194 [FXGL Background Thread 3 ] DEBUG Engine               - randomSeed: -1
09:47:43.194 [FXGL Background Thread 3 ] DEBUG Engine               - runtimeInfo: RuntimeInfo(platform=WINDOWS, version=11.11, build=08.09.2020 18.00)
09:47:43.194 [FXGL Background Thread 3 ] DEBUG Engine               - saveFileExt: sav
09:47:43.194 [FXGL Background Thread 3 ] DEBUG Engine               - sceneFactory: com.almasb.fxgl.app.scene.SceneFactory@12b56219
09:47:43.194 [FXGL Background Thread 3 ] DEBUG Engine               - secondsIn24h: 60
09:47:43.194 [FXGL Background Thread 3 ] DEBUG Engine               - soundMenuBack: menu/back.wav
09:47:43.194 [FXGL Background Thread 3 ] DEBUG Engine               - soundMenuPress: menu/press.wav
09:47:43.195 [FXGL Background Thread 3 ] DEBUG Engine               - soundMenuSelect: menu/select.wav
09:47:43.195 [FXGL Background Thread 3 ] DEBUG Engine               - soundNotification: core/notification.wav
09:47:43.195 [FXGL Background Thread 3 ] DEBUG Engine               - stageStyle: DECORATED
09:47:43.195 [FXGL Background Thread 3 ] DEBUG Engine               - supportedLanguages: [ENGLISH, FRENCH, GERMAN, HUNGARIAN, RUSSIAN]
09:47:43.195 [FXGL Background Thread 3 ] DEBUG Engine               - title: Pong
09:47:43.195 [FXGL Background Thread 3 ] DEBUG Engine               - urlGithub: https://github.com/AlmasB/FXGL
09:47:43.195 [FXGL Background Thread 3 ] DEBUG Engine               - urlLeaderboard: http://fxgl-top.herokuapp.com/
09:47:43.196 [FXGL Background Thread 3 ] DEBUG Engine               - urlPOM: https://raw.githubusercontent.com/AlmasB/FXGL/master/pom.xml
09:47:43.196 [FXGL Background Thread 3 ] DEBUG Engine               - version: 1.0
09:47:43.196 [FXGL Background Thread 3 ] DEBUG Engine               - versionCheckDays: 7
09:47:43.196 [FXGL Background Thread 3 ] DEBUG Engine               - width: 800
09:47:43.196 [FXGL Background Thread 3 ] DEBUG Engine               - Logging services
09:47:43.196 [FXGL Background Thread 3 ] DEBUG Engine               - class com.almasb.fxgl.app.FXGLApplication$GameApplicationService
09:47:43.196 [FXGL Background Thread 3 ] DEBUG Engine               - class com.almasb.fxgl.app.services.FXGLDialogService
09:47:43.196 [FXGL Background Thread 3 ] DEBUG Engine               - class com.almasb.fxgl.app.services.IOTaskExecutorService
09:47:43.197 [FXGL Background Thread 3 ] DEBUG Engine               - class com.almasb.fxgl.event.EventBusService
09:47:43.197 [FXGL Background Thread 3 ] DEBUG Engine               - class com.almasb.fxgl.io.FileSystemService
09:47:43.197 [FXGL Background Thread 3 ] DEBUG Engine               - class com.almasb.fxgl.localization.LocalizationService
09:47:43.197 [FXGL Background Thread 3 ] DEBUG Engine               - class com.almasb.fxgl.app.services.FXGLAssetLoaderService
09:47:43.197 [FXGL Background Thread 3 ] DEBUG Engine               - class com.almasb.fxgl.app.services.SystemBundleService
09:47:43.197 [FXGL Background Thread 3 ] DEBUG Engine               - class com.almasb.fxgl.profile.SaveLoadService
09:47:43.197 [FXGL Background Thread 3 ] DEBUG Engine               - class com.almasb.fxgl.ui.FXGLUIFactoryServiceProvider
09:47:43.198 [FXGL Background Thread 3 ] DEBUG Engine               - class com.almasb.fxgl.ui.FXGLDialogFactoryServiceProvider
09:47:43.198 [FXGL Background Thread 3 ] DEBUG Engine               - class com.almasb.fxgl.audio.AudioPlayer
09:47:43.198 [FXGL Background Thread 3 ] DEBUG Engine               - class com.almasb.fxgl.notification.impl.NotificationServiceProvider
09:47:43.198 [FXGL Background Thread 3 ] DEBUG Engine               - class com.almasb.fxgl.achievement.AchievementService
09:47:43.198 [FXGL Background Thread 3 ] DEBUG Engine               - class com.almasb.fxgl.cutscene.CutsceneService
09:47:43.198 [FXGL Background Thread 3 ] DEBUG Engine               - class com.almasb.fxgl.minigames.MiniGameService
09:47:43.199 [FXGL Background Thread 3 ] DEBUG Engine               - class com.almasb.fxgl.net.NetService
09:47:43.199 [FXGL Background Thread 3 ] DEBUG Engine               - class com.almasb.fxgl.app.services.UpdaterService
09:47:43.199 [FXGL Background Thread 3 ] DEBUG Engine               - class com.almasb.fxgl.dev.DevService
09:47:43.590 [JavaFX Application Thread] DEBUG FXGLAssetLoaderServi - Loading from cache: /assets/sounds/hit_wall.wav
09:47:45.669 [JavaFX Application Thread] DEBUG FXGLAssetLoaderServi - Loading from cache: /assets/sounds/hit_wall.wav
09:47:46.184 [JavaFX Application Thread] DEBUG FXGLAssetLoaderServi - Loading from cache: /assets/sounds/hit_wall.wav
09:47:48.070 [JavaFX Application Thread] DEBUG FXGLAssetLoaderServi - Loading from cache: /assets/sounds/hit_bat.wav
09:47:48.981 [JavaFX Application Thread] DEBUG FXGLAssetLoaderServi - Loading from cache: /assets/sounds/hit_bat.wav
09:47:49.415 [JavaFX Application Thread] DEBUG FXGLAssetLoaderServi - Loading from cache: /assets/sounds/hit_wall.wav
09:47:49.992 [JavaFX Application Thread] DEBUG FXGLAssetLoaderServi - Loading from cache: /assets/sounds/hit_bat.wav
09:47:52.182 [JavaFX Application Thread] DEBUG FXGLAssetLoaderServi - Loading from cache: /assets/sounds/hit_wall.wav
09:47:54.537 [JavaFX Application Thread] DEBUG FXGLAssetLoaderServi - Loading from cache: /assets/sounds/hit_bat.wav
09:47:55.162 [JavaFX Application Thread] DEBUG FXGLAssetLoaderServi - Loading from cache: /assets/sounds/hit_wall.wav
09:47:55.834 [JavaFX Application Thread] DEBUG FXGLAssetLoaderServi - Loading from cache: /assets/sounds/hit_wall.wav
09:47:56.454 [JavaFX Application Thread] DEBUG FXGLAssetLoaderServi - Loading from cache: /assets/sounds/hit_bat.wav
09:47:57.045 [JavaFX Application Thread] DEBUG FXGLAssetLoaderServi - Loading from cache: /assets/sounds/hit_wall.wav
09:47:57.671 [JavaFX Application Thread] DEBUG FXGLAssetLoaderServi - Loading from cache: /assets/sounds/hit_bat.wav
09:47:58.278 [JavaFX Application Thread] DEBUG FXGLAssetLoaderServi - Loading from cache: /assets/sounds/hit_wall.wav
09:47:58.886 [JavaFX Application Thread] DEBUG FXGLAssetLoaderServi - Loading from cache: /assets/sounds/hit_bat.wav
09:47:59.429 [JavaFX Application Thread] DEBUG FXGLAssetLoaderServi - Loading from cache: /assets/sounds/hit_bat.wav
09:47:59.991 [JavaFX Application Thread] DEBUG FXGLAssetLoaderServi - Loading from cache: /assets/sounds/hit_bat.wav
09:48:00.549 [JavaFX Application Thread] DEBUG FXGLAssetLoaderServi - Loading from cache: /assets/sounds/hit_bat.wav
09:48:01.096 [JavaFX Application Thread] DEBUG FXGLAssetLoaderServi - Loading from cache: /assets/sounds/hit_bat.wav
09:48:01.638 [JavaFX Application Thread] DEBUG FXGLAssetLoaderServi - Loading from cache: /assets/sounds/hit_bat.wav
09:48:02.196 [JavaFX Application Thread] DEBUG FXGLAssetLoaderServi - Loading from cache: /assets/sounds/hit_bat.wav
09:48:02.745 [JavaFX Application Thread] DEBUG FXGLAssetLoaderServi - Loading from cache: /assets/sounds/hit_bat.wav
09:48:03.239 [JavaFX Application Thread] DEBUG FXGLApplication      - Exiting FXGL
09:48:03.239 [JavaFX Application Thread] DEBUG LoopRunner           - Stopping loop
09:48:03.239 [JavaFX Application Thread] DEBUG SystemBundleService  - Saving FXGL system data
09:48:03.241 [JavaFX Application Thread] DEBUG FileSystemAccess     - Writing to: C:\Users\emily\OneDrive\Desktop\CI628\CI628-PongServer\system\fxgl.bundle
09:48:03.242 [JavaFX Application Thread] DEBUG Async                - Shutting down background threads
09:48:03.242 [JavaFX Application Thread] DEBUG MainWindow           - Closing main window
09:48:03.262 [JavaFX Application Thread] DEBUG Logger               - Closing Logger
