09:36:41.523 [main                     ] DEBUG Logger               - Configured Logger
09:36:41.531 [main                     ] DEBUG GameApplication      - Logging settings
Title: Pong
Version: 1.0
Width: 800
Height: 600
Fullscreen: false
Intro: false
Profiling: false
Single step:false
App Mode: DEBUG
Menu Key: ESCAPE
Stage Style: DECORATED
Scene Factory: class com.almasb.fxgl.app.scene.SceneFactory

09:36:42.275 [JavaFX Application Thread] DEBUG FXGLApplication      - Initializing FXGL
09:36:42.287 [JavaFX Application Thread] INFO  Engine               - FXGL-11.11 (08.09.2020 18.00) on WINDOWS (J:22.0.2 FX:14)
09:36:42.287 [JavaFX Application Thread] DEBUG Engine               - JRE Vendor Name: Amazon.com Inc.
09:36:42.287 [JavaFX Application Thread] DEBUG Engine               - Running on OS: Windows 11 version 10.0
09:36:42.287 [JavaFX Application Thread] DEBUG Engine               - Architecture: amd64
09:36:42.288 [JavaFX Application Thread] INFO  Engine               - Source code and latest versions at: https://github.com/AlmasB/FXGL
09:36:42.288 [JavaFX Application Thread] INFO  Engine               -              Join the FXGL chat at: https://gitter.im/AlmasB/FXGL
09:36:42.454 [JavaFX Application Thread] DEBUG MainWindow           - Creating a JavaFX scene
09:36:42.549 [JavaFX Application Thread] DEBUG MainWindow           - Target settings size: 800.0 x 600.0
09:36:42.550 [JavaFX Application Thread] DEBUG MainWindow           - Scaled scene size:    800.0 x 600.0
09:36:42.551 [JavaFX Application Thread] DEBUG MainWindow           - Scaled ratio: (1.0, 1.0)
09:36:42.555 [JavaFX Application Thread] DEBUG MainWindow           - Set initial scene to StartupScene
09:36:42.571 [JavaFX Application Thread] DEBUG MainWindow           - Opening main window
09:36:42.758 [JavaFX Application Thread] DEBUG MainWindow           - Window border size: (14.4000244140625, 37.5999755859375)
09:36:42.758 [JavaFX Application Thread] DEBUG MainWindow           - Scaled size: 800.0 x 600.0
09:36:42.759 [JavaFX Application Thread] DEBUG MainWindow           - Scaled ratio: (1.0, 1.0)
09:36:42.759 [JavaFX Application Thread] DEBUG MainWindow           - Scene size: 800.0 x 600.0
09:36:42.761 [JavaFX Application Thread] DEBUG MainWindow           - Stage size: 814.4000244140625 x 637.5999755859375
09:36:42.778 [FXGL Background Thread 1 ] DEBUG Engine               - Initializing environment variables
09:36:42.872 [FXGL Background Thread 1 ] DEBUG GameApplicationServi - Applying CSS: fxgl_dark.css
09:36:42.876 [FXGL Background Thread 1 ] DEBUG FXGLAssetLoaderServi - Loading from file system: /assets/ui/css/fxgl_dark.css
09:36:43.048 [FXGL Background Thread 1 ] DEBUG GameApplicationServi - Initializing application scenes
09:36:43.145 [FXGL Background Thread 1 ] DEBUG GameWorld            - Game world initialized
09:36:43.291 [FXGL Background Thread 1 ] DEBUG PhysicsWorld         - Physics world initialized: appHeight=600, physics.ppm=50.0
09:36:43.295 [FXGL Background Thread 1 ] DEBUG GameScene            - Game scene initialized: 800x600
09:36:43.373 [FXGL Background Thread 1 ] DEBUG FXGLAssetLoaderServi - Loading from file system: /assets/textures/particles/trace_horizontal.png
09:36:43.462 [FXGL Background Thread 1 ] DEBUG FXGL.DefaultMenu     - createMenuBodyGameMenu()
09:36:43.491 [FXGL Background Thread 1 ] DEBUG FXGL.DefaultMenu     - createOptionsMenu()
09:36:43.503 [FXGL Background Thread 1 ] DEBUG FXGLAssetLoaderServi - Loading from file system: /assets/textures/particles/smoke.png
09:36:43.623 [FXGL Background Thread 1 ] DEBUG GameApplicationServi - Application scenes initialized
09:36:43.649 [FXGL Background Thread 1 ] DEBUG SystemBundleService  - Loading FXGL system data
09:36:43.653 [FXGL Background Thread 1 ] DEBUG FileSystemAccess     - Reading from: C:\Users\emily\OneDrive\Desktop\CI628\CI628-PongServer\system\fxgl.bundle
09:36:43.658 [FXGL Background Thread 1 ] DEBUG SystemBundleService  - Bundle FXGL: {}
09:36:43.659 [FXGL Background Thread 1 ] DEBUG UpdaterService       - Checking for updates
09:36:43.666 [FXGL Background Thread 1 ] DEBUG FXGLApplication      - Loading default localization
09:36:43.667 [FXGL Background Thread 1 ] DEBUG FXGLAssetLoaderServi - Loading from file system: /assets/languages/english.lang
09:36:43.668 [FXGL Background Thread 4 ] DEBUG FXGLApplication      - Loading fonts
09:36:43.669 [FXGL Background Thread 4 ] DEBUG FXGLAssetLoaderServi - Loading from file system: /assets/ui/fonts/pong.ttf
09:36:43.697 [FXGL Background Thread 1 ] INFO  FXGLApplication      - FXGL initialization took: 0.918 sec
09:36:43.704 [FXGL Background Thread 4 ] DEBUG FXGLAssetLoaderServi - Loading from file system: /assets/ui/fonts/Abel-Regular.ttf
09:36:43.711 [JavaFX Application Thread] DEBUG Input                - Registered new binding: Up1 - W
09:36:43.713 [JavaFX Application Thread] DEBUG Input                - Registered new binding: Down1 - S
09:36:43.713 [JavaFX Application Thread] DEBUG Input                - Registered new binding: Left1 - A
09:36:43.713 [JavaFX Application Thread] DEBUG Input                - Registered new binding: Right1 - D
09:36:43.714 [JavaFX Application Thread] DEBUG Input                - Registered new binding: Up2 - I
09:36:43.714 [JavaFX Application Thread] DEBUG Input                - Registered new binding: Down2 - K
09:36:43.714 [JavaFX Application Thread] DEBUG Input                - Registered new binding: Left2 - J
09:36:43.716 [JavaFX Application Thread] DEBUG Input                - Registered new binding: Right2 - L
09:36:43.716 [JavaFX Application Thread] DEBUG FXGLAssetLoaderServi - Loading from file system: /assets/textures/fxgl_icon.png
09:36:43.744 [FXGL Background Thread 4 ] DEBUG FXGLAssetLoaderServi - Loading from file system: /assets/ui/fonts/lucida_console.ttf
09:36:43.763 [JavaFX Application Thread] DEBUG FXGLAssetLoaderServi - Loading from file system: /assets/ui/cursors/fxgl_default.png
09:36:43.770 [JavaFX Application Thread] DEBUG Input                - Registered new binding: Screenshot - P
09:36:43.771 [JavaFX Application Thread] DEBUG Input                - Registered new binding: System info dump - CTRL+9
09:36:43.774 [JavaFX Application Thread] DEBUG Input                - Registered new binding: Restart - CTRL+R
09:36:43.775 [JavaFX Application Thread] DEBUG Input                - Registered new binding: Toggle Debug Camera - CTRL+C
09:36:43.782 [JavaFX Application Thread] DEBUG LoopRunner           - Starting loop
09:36:43.784 [JavaFX Application Thread] DEBUG GameApplicationServi - Starting new game
09:36:43.786 [FXGL Background Thread 4 ] DEBUG FXGLAssetLoaderServi - Loading from file system: /assets/ui/fonts/Courier-Prime.ttf
09:36:43.786 [JavaFX Application Thread] DEBUG Input                - Clearing active input actions
09:36:43.826 [JavaFX Application Thread] DEBUG GameApplicationServi - Removing overlay from StartupScene and adding to FXGLLoadingScene
09:36:43.826 [JavaFX Application Thread] DEBUG MainWindow           - StartupScene -> FXGLLoadingScene
09:36:43.828 [JavaFX Application Thread] DEBUG GameApplicationServi - Clearing previous game
09:36:43.828 [JavaFX Application Thread] DEBUG GameScene            - Clearing game scene
09:36:43.828 [JavaFX Application Thread] DEBUG GameWorld            - Clearing game world
09:36:43.829 [JavaFX Application Thread] DEBUG PhysicsWorld         - Clearing physics world
09:36:43.830 [FXGL Background Thread 4 ] DEBUG FXGLApplication      - Initializing game
09:36:43.923 [JavaFX Application Thread] DEBUG FXGLApplication      - Registering font factories with UI factory
09:36:43.939 [FXGL Background Thread 4 ] DEBUG FXGLAssetLoaderServi - Loading from file system: /assets/textures/bat.PNG
09:36:43.945 [FXGL Background Thread 4 ] DEBUG FXGLAssetLoaderServi - Loading from cache: /assets/textures/bat.PNG
09:36:43.957 [Thread-4                 ] DEBUG TCPServer            - Starting to listen at: 55555 type: class java.lang.String
09:36:43.961 [FXGL Background Thread 4 ] DEBUG FXGLAssetLoaderServi - Loading from file system: /assets/ui/main.fxml
09:36:44.190 [FXGL Background Thread 4 ] INFO  FXGLApplication      - Game initialization took: 0.359 sec
09:36:44.288 [JavaFX Application Thread] DEBUG Input                - Clearing active input actions
09:36:44.324 [JavaFX Application Thread] DEBUG GameApplicationServi - Removing overlay from FXGLLoadingScene and adding to GameScene
09:36:44.325 [JavaFX Application Thread] DEBUG MainWindow           - FXGLLoadingScene -> GameScene
09:36:45.052 [FXGL Background Thread 2 ] INFO  UpdaterService       - Your current version:  11.11
09:36:45.052 [FXGL Background Thread 2 ] INFO  UpdaterService       - Latest stable version: 21+dev-SNAPSHOT
09:36:45.439 [JavaFX Application Thread] DEBUG FXGLAssetLoaderServi - Loading from file system: /assets/sounds/hit_wall.wav
09:36:45.942 [JavaFX Application Thread] DEBUG FXGLAssetLoaderServi - Loading from cache: /assets/sounds/hit_wall.wav
09:36:46.525 [JavaFX Application Thread] DEBUG FXGLAssetLoaderServi - Loading from file system: /assets/sounds/hit_bat.wav
09:36:46.664 [FXGL Background Thread 3 ] DEBUG Engine               - Logging environment variables
09:36:46.667 [FXGL Background Thread 3 ] DEBUG Engine               - achievements: []
09:36:46.667 [FXGL Background Thread 3 ] DEBUG Engine               - appIcon: fxgl_icon.png
09:36:46.667 [FXGL Background Thread 3 ] DEBUG Engine               - applicationMode: DEBUG
09:36:46.667 [FXGL Background Thread 3 ] DEBUG Engine               - cSSList: [fxgl_dark.css]
09:36:46.668 [FXGL Background Thread 3 ] DEBUG Engine               - configClass: Optional.empty
09:36:46.668 [FXGL Background Thread 3 ] DEBUG Engine               - credits: []
09:36:46.668 [FXGL Background Thread 3 ] DEBUG Engine               - devBBoxColorProperty: ObjectProperty [value: 0xff0000ff]
09:36:46.669 [FXGL Background Thread 3 ] DEBUG Engine               - devEnableDebugCameraProperty: BooleanProperty [value: false]
09:36:46.669 [FXGL Background Thread 3 ] DEBUG Engine               - devSensorColorProperty: ObjectProperty [value: 0xffff00ff]
09:36:46.669 [FXGL Background Thread 3 ] DEBUG Engine               - devShowBBoxProperty: BooleanProperty [value: false]
09:36:46.669 [FXGL Background Thread 3 ] DEBUG Engine               - devShowPositionProperty: BooleanProperty [value: false]
09:36:46.670 [FXGL Background Thread 3 ] DEBUG Engine               - enabledMenuItems: []
09:36:46.670 [FXGL Background Thread 3 ] DEBUG Engine               - engineServices: [class com.almasb.fxgl.app.FXGLApplication$GameApplicationService, class com.almasb.fxgl.app.services.FXGLDialogService, class com.almasb.fxgl.app.services.IOTaskExecutorService, class com.almasb.fxgl.event.EventBusService, class com.almasb.fxgl.io.FileSystemService, class com.almasb.fxgl.localization.LocalizationService, class com.almasb.fxgl.app.services.FXGLAssetLoaderService, class com.almasb.fxgl.app.services.SystemBundleService, class com.almasb.fxgl.profile.SaveLoadService, class com.almasb.fxgl.ui.FXGLUIFactoryServiceProvider, class com.almasb.fxgl.ui.FXGLDialogFactoryServiceProvider, class com.almasb.fxgl.audio.AudioPlayer, class com.almasb.fxgl.notification.impl.NotificationServiceProvider, class com.almasb.fxgl.achievement.AchievementService, class com.almasb.fxgl.cutscene.CutsceneService, class com.almasb.fxgl.minigames.MiniGameService, class com.almasb.fxgl.net.NetService, class com.almasb.fxgl.app.services.UpdaterService, class com.almasb.fxgl.dev.DevService]
09:36:46.670 [FXGL Background Thread 3 ] DEBUG Engine               - fontGame: Abel-Regular.ttf
09:36:46.670 [FXGL Background Thread 3 ] DEBUG Engine               - fontMono: lucida_console.ttf
09:36:46.671 [FXGL Background Thread 3 ] DEBUG Engine               - fontText: Courier-Prime.ttf
09:36:46.671 [FXGL Background Thread 3 ] DEBUG Engine               - fontUI: pong.ttf
09:36:46.671 [FXGL Background Thread 3 ] DEBUG Engine               - fullScreen: BooleanProperty [value: false]
09:36:46.671 [FXGL Background Thread 3 ] DEBUG Engine               - gameDifficulty: MEDIUM
09:36:46.671 [FXGL Background Thread 3 ] DEBUG Engine               - gameDifficultyProperty: ObjectProperty [value: MEDIUM]
09:36:46.671 [FXGL Background Thread 3 ] DEBUG Engine               - globalMusicVolume: 0.5
09:36:46.672 [FXGL Background Thread 3 ] DEBUG Engine               - globalMusicVolumeProperty: DoubleProperty [value: 0.5]
09:36:46.672 [FXGL Background Thread 3 ] DEBUG Engine               - globalSoundVolume: 0.5
09:36:46.672 [FXGL Background Thread 3 ] DEBUG Engine               - globalSoundVolumeProperty: DoubleProperty [value: 0.5]
09:36:46.672 [FXGL Background Thread 3 ] DEBUG Engine               - height: 600
09:36:46.673 [FXGL Background Thread 3 ] DEBUG Engine               - isAndroid: false
09:36:46.673 [FXGL Background Thread 3 ] DEBUG Engine               - isBrowser: false
09:36:46.673 [FXGL Background Thread 3 ] DEBUG Engine               - isClickFeedbackEnabled: false
09:36:46.673 [FXGL Background Thread 3 ] DEBUG Engine               - isCloseConfirmation: false
09:36:46.673 [FXGL Background Thread 3 ] DEBUG Engine               - isDesktop: true
09:36:46.673 [FXGL Background Thread 3 ] DEBUG Engine               - isDeveloperMenuEnabled: false
09:36:46.674 [FXGL Background Thread 3 ] DEBUG Engine               - isEntityPreloadEnabled: true
09:36:46.674 [FXGL Background Thread 3 ] DEBUG Engine               - isExperimentalNative: false
09:36:46.674 [FXGL Background Thread 3 ] DEBUG Engine               - isExperimentalTiledLargeMap: false
09:36:46.674 [FXGL Background Thread 3 ] DEBUG Engine               - isFileSystemWriteAllowed: true
09:36:46.674 [FXGL Background Thread 3 ] DEBUG Engine               - isFullScreenAllowed: false
09:36:46.674 [FXGL Background Thread 3 ] DEBUG Engine               - isFullScreenFromStart: false
09:36:46.674 [FXGL Background Thread 3 ] DEBUG Engine               - isGameMenuEnabled: true
09:36:46.674 [FXGL Background Thread 3 ] DEBUG Engine               - isIOS: false
09:36:46.674 [FXGL Background Thread 3 ] DEBUG Engine               - isIntroEnabled: false
09:36:46.674 [FXGL Background Thread 3 ] DEBUG Engine               - isLinux: false
09:36:46.676 [FXGL Background Thread 3 ] DEBUG Engine               - isMac: false
09:36:46.676 [FXGL Background Thread 3 ] DEBUG Engine               - isMainMenuEnabled: false
09:36:46.676 [FXGL Background Thread 3 ] DEBUG Engine               - isManualResizeEnabled: false
09:36:46.676 [FXGL Background Thread 3 ] DEBUG Engine               - isMobile: false
09:36:46.676 [FXGL Background Thread 3 ] DEBUG Engine               - isPreserveResizeRatio: false
09:36:46.677 [FXGL Background Thread 3 ] DEBUG Engine               - isProfilingEnabled: false
09:36:46.677 [FXGL Background Thread 3 ] DEBUG Engine               - isSingleStep: false
09:36:46.677 [FXGL Background Thread 3 ] DEBUG Engine               - isUserProfileEnabled: false
09:36:46.677 [FXGL Background Thread 3 ] DEBUG Engine               - isWindows: true
09:36:46.677 [FXGL Background Thread 3 ] DEBUG Engine               - language: ObjectProperty [value: ENGLISH]
09:36:46.677 [FXGL Background Thread 3 ] DEBUG Engine               - menuKey: ESCAPE
09:36:46.678 [FXGL Background Thread 3 ] DEBUG Engine               - notificationViewClass: class com.almasb.fxgl.notification.view.XboxNotificationView
09:36:46.678 [FXGL Background Thread 3 ] DEBUG Engine               - pixelsPerMeter: 50.0
09:36:46.678 [FXGL Background Thread 3 ] DEBUG Engine               - platform: WINDOWS
09:36:46.678 [FXGL Background Thread 3 ] DEBUG Engine               - profileDir: profiles/
09:36:46.678 [FXGL Background Thread 3 ] DEBUG Engine               - profileName: StringProperty [value: DEFAULT]
09:36:46.678 [FXGL Background Thread 3 ] DEBUG Engine               - randomSeed: -1
09:36:46.678 [FXGL Background Thread 3 ] DEBUG Engine               - runtimeInfo: RuntimeInfo(platform=WINDOWS, version=11.11, build=08.09.2020 18.00)
09:36:46.678 [FXGL Background Thread 3 ] DEBUG Engine               - saveFileExt: sav
09:36:46.678 [FXGL Background Thread 3 ] DEBUG Engine               - sceneFactory: com.almasb.fxgl.app.scene.SceneFactory@6e6c896
09:36:46.678 [FXGL Background Thread 3 ] DEBUG Engine               - secondsIn24h: 60
09:36:46.678 [FXGL Background Thread 3 ] DEBUG Engine               - soundMenuBack: menu/back.wav
09:36:46.679 [FXGL Background Thread 3 ] DEBUG Engine               - soundMenuPress: menu/press.wav
09:36:46.680 [FXGL Background Thread 3 ] DEBUG Engine               - soundMenuSelect: menu/select.wav
09:36:46.680 [FXGL Background Thread 3 ] DEBUG Engine               - soundNotification: core/notification.wav
09:36:46.680 [FXGL Background Thread 3 ] DEBUG Engine               - stageStyle: DECORATED
09:36:46.681 [FXGL Background Thread 3 ] DEBUG Engine               - supportedLanguages: [ENGLISH, FRENCH, GERMAN, HUNGARIAN, RUSSIAN]
09:36:46.681 [FXGL Background Thread 3 ] DEBUG Engine               - title: Pong
09:36:46.681 [FXGL Background Thread 3 ] DEBUG Engine               - urlGithub: https://github.com/AlmasB/FXGL
09:36:46.683 [FXGL Background Thread 3 ] DEBUG Engine               - urlLeaderboard: http://fxgl-top.herokuapp.com/
09:36:46.683 [FXGL Background Thread 3 ] DEBUG Engine               - urlPOM: https://raw.githubusercontent.com/AlmasB/FXGL/master/pom.xml
09:36:46.684 [FXGL Background Thread 3 ] DEBUG Engine               - version: 1.0
09:36:46.684 [FXGL Background Thread 3 ] DEBUG Engine               - versionCheckDays: 7
09:36:46.684 [FXGL Background Thread 3 ] DEBUG Engine               - width: 800
09:36:46.684 [FXGL Background Thread 3 ] DEBUG Engine               - Logging services
09:36:46.684 [FXGL Background Thread 3 ] DEBUG Engine               - class com.almasb.fxgl.app.FXGLApplication$GameApplicationService
09:36:46.685 [FXGL Background Thread 3 ] DEBUG Engine               - class com.almasb.fxgl.app.services.FXGLDialogService
09:36:46.685 [FXGL Background Thread 3 ] DEBUG Engine               - class com.almasb.fxgl.app.services.IOTaskExecutorService
09:36:46.685 [FXGL Background Thread 3 ] DEBUG Engine               - class com.almasb.fxgl.event.EventBusService
09:36:46.685 [FXGL Background Thread 3 ] DEBUG Engine               - class com.almasb.fxgl.io.FileSystemService
09:36:46.685 [FXGL Background Thread 3 ] DEBUG Engine               - class com.almasb.fxgl.localization.LocalizationService
09:36:46.685 [FXGL Background Thread 3 ] DEBUG Engine               - class com.almasb.fxgl.app.services.FXGLAssetLoaderService
09:36:46.686 [FXGL Background Thread 3 ] DEBUG Engine               - class com.almasb.fxgl.app.services.SystemBundleService
09:36:46.686 [FXGL Background Thread 3 ] DEBUG Engine               - class com.almasb.fxgl.profile.SaveLoadService
09:36:46.686 [FXGL Background Thread 3 ] DEBUG Engine               - class com.almasb.fxgl.ui.FXGLUIFactoryServiceProvider
09:36:46.686 [FXGL Background Thread 3 ] DEBUG Engine               - class com.almasb.fxgl.ui.FXGLDialogFactoryServiceProvider
09:36:46.686 [FXGL Background Thread 3 ] DEBUG Engine               - class com.almasb.fxgl.audio.AudioPlayer
09:36:46.686 [FXGL Background Thread 3 ] DEBUG Engine               - class com.almasb.fxgl.notification.impl.NotificationServiceProvider
09:36:46.687 [FXGL Background Thread 3 ] DEBUG Engine               - class com.almasb.fxgl.achievement.AchievementService
09:36:46.687 [FXGL Background Thread 3 ] DEBUG Engine               - class com.almasb.fxgl.cutscene.CutsceneService
09:36:46.687 [FXGL Background Thread 3 ] DEBUG Engine               - class com.almasb.fxgl.minigames.MiniGameService
09:36:46.688 [FXGL Background Thread 3 ] DEBUG Engine               - class com.almasb.fxgl.net.NetService
09:36:46.688 [FXGL Background Thread 3 ] DEBUG Engine               - class com.almasb.fxgl.app.services.UpdaterService
09:36:46.688 [FXGL Background Thread 3 ] DEBUG Engine               - class com.almasb.fxgl.dev.DevService
09:36:47.075 [JavaFX Application Thread] DEBUG FXGLAssetLoaderServi - Loading from cache: /assets/sounds/hit_wall.wav
09:36:49.170 [JavaFX Application Thread] DEBUG FXGLAssetLoaderServi - Loading from cache: /assets/sounds/hit_wall.wav
09:36:49.699 [JavaFX Application Thread] DEBUG FXGLAssetLoaderServi - Loading from cache: /assets/sounds/hit_wall.wav
09:36:51.586 [JavaFX Application Thread] DEBUG FXGLAssetLoaderServi - Loading from cache: /assets/sounds/hit_bat.wav
09:36:53.492 [JavaFX Application Thread] DEBUG FXGLAssetLoaderServi - Loading from cache: /assets/sounds/hit_wall.wav
09:36:56.114 [JavaFX Application Thread] DEBUG FXGLAssetLoaderServi - Loading from cache: /assets/sounds/hit_wall.wav
09:36:58.757 [JavaFX Application Thread] DEBUG FXGLAssetLoaderServi - Loading from cache: /assets/sounds/hit_wall.wav
09:37:01.377 [JavaFX Application Thread] DEBUG FXGLAssetLoaderServi - Loading from cache: /assets/sounds/hit_wall.wav
09:37:04.002 [JavaFX Application Thread] DEBUG FXGLAssetLoaderServi - Loading from cache: /assets/sounds/hit_wall.wav
09:37:06.642 [JavaFX Application Thread] DEBUG FXGLAssetLoaderServi - Loading from cache: /assets/sounds/hit_wall.wav
09:37:09.266 [JavaFX Application Thread] DEBUG FXGLAssetLoaderServi - Loading from cache: /assets/sounds/hit_wall.wav
09:37:11.905 [JavaFX Application Thread] DEBUG FXGLAssetLoaderServi - Loading from cache: /assets/sounds/hit_wall.wav
09:37:14.529 [JavaFX Application Thread] DEBUG FXGLAssetLoaderServi - Loading from cache: /assets/sounds/hit_wall.wav
09:37:16.382 [JavaFX Application Thread] DEBUG FXGLApplication      - Exiting FXGL
09:37:16.383 [JavaFX Application Thread] DEBUG LoopRunner           - Stopping loop
09:37:16.383 [JavaFX Application Thread] DEBUG SystemBundleService  - Saving FXGL system data
09:37:16.384 [JavaFX Application Thread] DEBUG FileSystemAccess     - Writing to: C:\Users\emily\OneDrive\Desktop\CI628\CI628-PongServer\system\fxgl.bundle
09:37:16.386 [JavaFX Application Thread] DEBUG Async                - Shutting down background threads
09:37:16.386 [JavaFX Application Thread] DEBUG MainWindow           - Closing main window
09:37:16.416 [JavaFX Application Thread] DEBUG Logger               - Closing Logger
