09:33:05.805 [main                     ] DEBUG Logger               - Configured Logger
09:33:05.814 [main                     ] DEBUG GameApplication      - Logging settings
Title: Pong
Version: 1.0
Width: 800
Height: 600
Fullscreen: false
Intro: false
Profiling: false
Single step:false
App Mode: DEBUG
Menu Key: ESCAPE
Stage Style: DECORATED
Scene Factory: class com.almasb.fxgl.app.scene.SceneFactory

09:33:07.184 [JavaFX Application Thread] DEBUG FXGLApplication      - Initializing FXGL
09:33:07.191 [JavaFX Application Thread] INFO  Engine               - FXGL-11.11 (08.09.2020 18.00) on WINDOWS (J:22.0.2 FX:14)
09:33:07.192 [JavaFX Application Thread] DEBUG Engine               - JRE Vendor Name: Amazon.com Inc.
09:33:07.192 [JavaFX Application Thread] DEBUG Engine               - Running on OS: Windows 11 version 10.0
09:33:07.192 [JavaFX Application Thread] DEBUG Engine               - Architecture: amd64
09:33:07.193 [JavaFX Application Thread] INFO  Engine               - Source code and latest versions at: https://github.com/AlmasB/FXGL
09:33:07.193 [JavaFX Application Thread] INFO  Engine               -              Join the FXGL chat at: https://gitter.im/AlmasB/FXGL
09:33:07.342 [JavaFX Application Thread] DEBUG MainWindow           - Creating a JavaFX scene
09:33:07.417 [JavaFX Application Thread] DEBUG MainWindow           - Target settings size: 800.0 x 600.0
09:33:07.417 [JavaFX Application Thread] DEBUG MainWindow           - Scaled scene size:    800.0 x 600.0
09:33:07.418 [JavaFX Application Thread] DEBUG MainWindow           - Scaled ratio: (1.0, 1.0)
09:33:07.422 [JavaFX Application Thread] DEBUG MainWindow           - Set initial scene to StartupScene
09:33:07.437 [JavaFX Application Thread] DEBUG MainWindow           - Opening main window
09:33:07.662 [JavaFX Application Thread] DEBUG MainWindow           - Window border size: (14.4000244140625, 37.5999755859375)
09:33:07.662 [JavaFX Application Thread] DEBUG MainWindow           - Scaled size: 800.0 x 600.0
09:33:07.663 [JavaFX Application Thread] DEBUG MainWindow           - Scaled ratio: (1.0, 1.0)
09:33:07.663 [JavaFX Application Thread] DEBUG MainWindow           - Scene size: 800.0 x 600.0
09:33:07.663 [JavaFX Application Thread] DEBUG MainWindow           - Stage size: 814.4000244140625 x 637.5999755859375
09:33:07.681 [FXGL Background Thread 1 ] DEBUG Engine               - Initializing environment variables
09:33:07.770 [FXGL Background Thread 1 ] DEBUG GameApplicationServi - Applying CSS: fxgl_dark.css
09:33:07.771 [FXGL Background Thread 1 ] DEBUG FXGLAssetLoaderServi - Loading from file system: /assets/ui/css/fxgl_dark.css
09:33:07.938 [FXGL Background Thread 1 ] DEBUG GameApplicationServi - Initializing application scenes
09:33:08.041 [FXGL Background Thread 1 ] DEBUG GameWorld            - Game world initialized
09:33:08.194 [FXGL Background Thread 1 ] DEBUG PhysicsWorld         - Physics world initialized: appHeight=600, physics.ppm=50.0
09:33:08.198 [FXGL Background Thread 1 ] DEBUG GameScene            - Game scene initialized: 800x600
09:33:08.283 [FXGL Background Thread 1 ] DEBUG FXGLAssetLoaderServi - Loading from file system: /assets/textures/particles/trace_horizontal.png
09:33:08.384 [FXGL Background Thread 1 ] DEBUG FXGL.DefaultMenu     - createMenuBodyGameMenu()
09:33:08.418 [FXGL Background Thread 1 ] DEBUG FXGL.DefaultMenu     - createOptionsMenu()
09:33:08.433 [FXGL Background Thread 1 ] DEBUG FXGLAssetLoaderServi - Loading from file system: /assets/textures/particles/smoke.png
09:33:08.561 [FXGL Background Thread 1 ] DEBUG GameApplicationServi - Application scenes initialized
09:33:08.585 [FXGL Background Thread 1 ] DEBUG SystemBundleService  - Loading FXGL system data
09:33:08.587 [FXGL Background Thread 1 ] DEBUG FileSystemAccess     - Reading from: C:\Users\emily\OneDrive\Desktop\CI628\CI628-PongServer\system\fxgl.bundle
09:33:08.592 [FXGL Background Thread 1 ] DEBUG SystemBundleService  - Bundle FXGL: {}
09:33:08.593 [FXGL Background Thread 1 ] DEBUG UpdaterService       - Checking for updates
09:33:08.601 [FXGL Background Thread 1 ] DEBUG FXGLApplication      - Loading default localization
09:33:08.602 [FXGL Background Thread 1 ] DEBUG FXGLAssetLoaderServi - Loading from file system: /assets/languages/english.lang
09:33:08.602 [FXGL Background Thread 4 ] DEBUG FXGLApplication      - Loading fonts
09:33:08.602 [FXGL Background Thread 4 ] DEBUG FXGLAssetLoaderServi - Loading from file system: /assets/ui/fonts/pong.ttf
09:33:08.628 [FXGL Background Thread 1 ] INFO  FXGLApplication      - FXGL initialization took: 0.947 sec
09:33:08.639 [FXGL Background Thread 4 ] DEBUG FXGLAssetLoaderServi - Loading from file system: /assets/ui/fonts/Abel-Regular.ttf
09:33:08.646 [JavaFX Application Thread] DEBUG Input                - Registered new binding: Up1 - W
09:33:08.646 [JavaFX Application Thread] DEBUG Input                - Registered new binding: Down1 - S
09:33:08.647 [JavaFX Application Thread] DEBUG Input                - Registered new binding: Left1 - A
09:33:08.647 [JavaFX Application Thread] DEBUG Input                - Registered new binding: Right1 - D
09:33:08.648 [JavaFX Application Thread] DEBUG Input                - Registered new binding: Up2 - I
09:33:08.648 [JavaFX Application Thread] DEBUG Input                - Registered new binding: Down2 - K
09:33:08.648 [JavaFX Application Thread] DEBUG Input                - Registered new binding: Left2 - J
09:33:08.649 [JavaFX Application Thread] DEBUG Input                - Registered new binding: Right2 - L
09:33:08.649 [JavaFX Application Thread] DEBUG FXGLAssetLoaderServi - Loading from file system: /assets/textures/fxgl_icon.png
09:33:08.668 [FXGL Background Thread 4 ] DEBUG FXGLAssetLoaderServi - Loading from file system: /assets/ui/fonts/lucida_console.ttf
09:33:08.681 [JavaFX Application Thread] DEBUG FXGLAssetLoaderServi - Loading from file system: /assets/ui/cursors/fxgl_default.png
09:33:08.685 [JavaFX Application Thread] DEBUG Input                - Registered new binding: Screenshot - P
09:33:08.687 [JavaFX Application Thread] DEBUG Input                - Registered new binding: System info dump - CTRL+9
09:33:08.687 [JavaFX Application Thread] DEBUG Input                - Registered new binding: Restart - CTRL+R
09:33:08.692 [JavaFX Application Thread] DEBUG Input                - Registered new binding: Toggle Debug Camera - CTRL+C
09:33:08.699 [JavaFX Application Thread] DEBUG LoopRunner           - Starting loop
09:33:08.701 [JavaFX Application Thread] DEBUG GameApplicationServi - Starting new game
09:33:08.705 [JavaFX Application Thread] DEBUG Input                - Clearing active input actions
09:33:08.716 [FXGL Background Thread 4 ] DEBUG FXGLAssetLoaderServi - Loading from file system: /assets/ui/fonts/Courier-Prime.ttf
09:33:08.745 [JavaFX Application Thread] DEBUG GameApplicationServi - Removing overlay from StartupScene and adding to FXGLLoadingScene
09:33:08.746 [JavaFX Application Thread] DEBUG MainWindow           - StartupScene -> FXGLLoadingScene
09:33:08.747 [JavaFX Application Thread] DEBUG GameApplicationServi - Clearing previous game
09:33:08.747 [JavaFX Application Thread] DEBUG GameScene            - Clearing game scene
09:33:08.747 [JavaFX Application Thread] DEBUG GameWorld            - Clearing game world
09:33:08.748 [JavaFX Application Thread] DEBUG PhysicsWorld         - Clearing physics world
09:33:08.765 [FXGL Background Thread 1 ] DEBUG FXGLApplication      - Initializing game
09:33:08.906 [JavaFX Application Thread] DEBUG FXGLApplication      - Registering font factories with UI factory
09:33:08.969 [FXGL Background Thread 1 ] DEBUG FXGLAssetLoaderServi - Loading from file system: /assets/textures/sprites/bat.PNG
09:33:08.970 [FXGL Background Thread 1 ] WARN  FXGLAssetLoaderServi - Failed to load texture sprites/bat.PNG Error: java.lang.IllegalArgumentException: Asset "/assets/textures/sprites/bat.PNG" was not found!
09:33:09.176 [FXGL Background Thread 1 ] DEBUG FXGLAssetLoaderServi - Loading from file system: /assets/textures/sprites/bat.PNG
09:33:09.178 [FXGL Background Thread 1 ] WARN  FXGLAssetLoaderServi - Failed to load texture sprites/bat.PNG Error: java.lang.IllegalArgumentException: Asset "/assets/textures/sprites/bat.PNG" was not found!
09:33:09.187 [FXGL Background Thread 1 ] DEBUG FXGLAssetLoaderServi - Loading from file system: /assets/ui/main.fxml
09:33:09.188 [Thread-4                 ] DEBUG TCPServer            - Starting to listen at: 55555 type: class java.lang.String
09:33:09.397 [FXGL Background Thread 1 ] INFO  FXGLApplication      - Game initialization took: 0.630 sec
09:33:09.403 [JavaFX Application Thread] DEBUG Input                - Clearing active input actions
09:33:09.454 [JavaFX Application Thread] DEBUG GameApplicationServi - Removing overlay from FXGLLoadingScene and adding to GameScene
09:33:09.455 [JavaFX Application Thread] DEBUG MainWindow           - FXGLLoadingScene -> GameScene
09:33:09.640 [FXGL Background Thread 2 ] INFO  UpdaterService       - Your current version:  11.11
09:33:09.640 [FXGL Background Thread 2 ] INFO  UpdaterService       - Latest stable version: 21+dev-SNAPSHOT
09:33:10.571 [JavaFX Application Thread] DEBUG FXGLAssetLoaderServi - Loading from file system: /assets/sounds/hit_wall.wav
09:33:11.084 [JavaFX Application Thread] DEBUG FXGLAssetLoaderServi - Loading from cache: /assets/sounds/hit_wall.wav
09:33:11.563 [JavaFX Application Thread] DEBUG FXGLAssetLoaderServi - Loading from file system: /assets/sounds/hit_bat.wav
09:33:11.598 [FXGL Background Thread 3 ] DEBUG Engine               - Logging environment variables
09:33:11.600 [FXGL Background Thread 3 ] DEBUG Engine               - achievements: []
09:33:11.601 [FXGL Background Thread 3 ] DEBUG Engine               - appIcon: fxgl_icon.png
09:33:11.602 [FXGL Background Thread 3 ] DEBUG Engine               - applicationMode: DEBUG
09:33:11.602 [FXGL Background Thread 3 ] DEBUG Engine               - cSSList: [fxgl_dark.css]
09:33:11.602 [FXGL Background Thread 3 ] DEBUG Engine               - configClass: Optional.empty
09:33:11.603 [FXGL Background Thread 3 ] DEBUG Engine               - credits: []
09:33:11.603 [FXGL Background Thread 3 ] DEBUG Engine               - devBBoxColorProperty: ObjectProperty [value: 0xff0000ff]
09:33:11.603 [FXGL Background Thread 3 ] DEBUG Engine               - devEnableDebugCameraProperty: BooleanProperty [value: false]
09:33:11.604 [FXGL Background Thread 3 ] DEBUG Engine               - devSensorColorProperty: ObjectProperty [value: 0xffff00ff]
09:33:11.604 [FXGL Background Thread 3 ] DEBUG Engine               - devShowBBoxProperty: BooleanProperty [value: false]
09:33:11.604 [FXGL Background Thread 3 ] DEBUG Engine               - devShowPositionProperty: BooleanProperty [value: false]
09:33:11.604 [FXGL Background Thread 3 ] DEBUG Engine               - enabledMenuItems: []
09:33:11.604 [FXGL Background Thread 3 ] DEBUG Engine               - engineServices: [class com.almasb.fxgl.app.FXGLApplication$GameApplicationService, class com.almasb.fxgl.app.services.FXGLDialogService, class com.almasb.fxgl.app.services.IOTaskExecutorService, class com.almasb.fxgl.event.EventBusService, class com.almasb.fxgl.io.FileSystemService, class com.almasb.fxgl.localization.LocalizationService, class com.almasb.fxgl.app.services.FXGLAssetLoaderService, class com.almasb.fxgl.app.services.SystemBundleService, class com.almasb.fxgl.profile.SaveLoadService, class com.almasb.fxgl.ui.FXGLUIFactoryServiceProvider, class com.almasb.fxgl.ui.FXGLDialogFactoryServiceProvider, class com.almasb.fxgl.audio.AudioPlayer, class com.almasb.fxgl.notification.impl.NotificationServiceProvider, class com.almasb.fxgl.achievement.AchievementService, class com.almasb.fxgl.cutscene.CutsceneService, class com.almasb.fxgl.minigames.MiniGameService, class com.almasb.fxgl.net.NetService, class com.almasb.fxgl.app.services.UpdaterService, class com.almasb.fxgl.dev.DevService]
09:33:11.605 [FXGL Background Thread 3 ] DEBUG Engine               - fontGame: Abel-Regular.ttf
09:33:11.605 [FXGL Background Thread 3 ] DEBUG Engine               - fontMono: lucida_console.ttf
09:33:11.605 [FXGL Background Thread 3 ] DEBUG Engine               - fontText: Courier-Prime.ttf
09:33:11.605 [FXGL Background Thread 3 ] DEBUG Engine               - fontUI: pong.ttf
09:33:11.606 [FXGL Background Thread 3 ] DEBUG Engine               - fullScreen: BooleanProperty [value: false]
09:33:11.606 [FXGL Background Thread 3 ] DEBUG Engine               - gameDifficulty: MEDIUM
09:33:11.606 [FXGL Background Thread 3 ] DEBUG Engine               - gameDifficultyProperty: ObjectProperty [value: MEDIUM]
09:33:11.606 [FXGL Background Thread 3 ] DEBUG Engine               - globalMusicVolume: 0.5
09:33:11.607 [FXGL Background Thread 3 ] DEBUG Engine               - globalMusicVolumeProperty: DoubleProperty [value: 0.5]
09:33:11.607 [FXGL Background Thread 3 ] DEBUG Engine               - globalSoundVolume: 0.5
09:33:11.607 [FXGL Background Thread 3 ] DEBUG Engine               - globalSoundVolumeProperty: DoubleProperty [value: 0.5]
09:33:11.607 [FXGL Background Thread 3 ] DEBUG Engine               - height: 600
09:33:11.607 [FXGL Background Thread 3 ] DEBUG Engine               - isAndroid: false
09:33:11.607 [FXGL Background Thread 3 ] DEBUG Engine               - isBrowser: false
09:33:11.607 [FXGL Background Thread 3 ] DEBUG Engine               - isClickFeedbackEnabled: false
09:33:11.608 [FXGL Background Thread 3 ] DEBUG Engine               - isCloseConfirmation: false
09:33:11.608 [FXGL Background Thread 3 ] DEBUG Engine               - isDesktop: true
09:33:11.608 [FXGL Background Thread 3 ] DEBUG Engine               - isDeveloperMenuEnabled: false
09:33:11.608 [FXGL Background Thread 3 ] DEBUG Engine               - isEntityPreloadEnabled: true
09:33:11.608 [FXGL Background Thread 3 ] DEBUG Engine               - isExperimentalNative: false
09:33:11.609 [FXGL Background Thread 3 ] DEBUG Engine               - isExperimentalTiledLargeMap: false
09:33:11.609 [FXGL Background Thread 3 ] DEBUG Engine               - isFileSystemWriteAllowed: true
09:33:11.609 [FXGL Background Thread 3 ] DEBUG Engine               - isFullScreenAllowed: false
09:33:11.609 [FXGL Background Thread 3 ] DEBUG Engine               - isFullScreenFromStart: false
09:33:11.609 [FXGL Background Thread 3 ] DEBUG Engine               - isGameMenuEnabled: true
09:33:11.609 [FXGL Background Thread 3 ] DEBUG Engine               - isIOS: false
09:33:11.609 [FXGL Background Thread 3 ] DEBUG Engine               - isIntroEnabled: false
09:33:11.610 [FXGL Background Thread 3 ] DEBUG Engine               - isLinux: false
09:33:11.610 [FXGL Background Thread 3 ] DEBUG Engine               - isMac: false
09:33:11.610 [FXGL Background Thread 3 ] DEBUG Engine               - isMainMenuEnabled: false
09:33:11.610 [FXGL Background Thread 3 ] DEBUG Engine               - isManualResizeEnabled: false
09:33:11.610 [FXGL Background Thread 3 ] DEBUG Engine               - isMobile: false
09:33:11.610 [FXGL Background Thread 3 ] DEBUG Engine               - isPreserveResizeRatio: false
09:33:11.611 [FXGL Background Thread 3 ] DEBUG Engine               - isProfilingEnabled: false
09:33:11.611 [FXGL Background Thread 3 ] DEBUG Engine               - isSingleStep: false
09:33:11.611 [FXGL Background Thread 3 ] DEBUG Engine               - isUserProfileEnabled: false
09:33:11.611 [FXGL Background Thread 3 ] DEBUG Engine               - isWindows: true
09:33:11.611 [FXGL Background Thread 3 ] DEBUG Engine               - language: ObjectProperty [value: ENGLISH]
09:33:11.611 [FXGL Background Thread 3 ] DEBUG Engine               - menuKey: ESCAPE
09:33:11.612 [FXGL Background Thread 3 ] DEBUG Engine               - notificationViewClass: class com.almasb.fxgl.notification.view.XboxNotificationView
09:33:11.612 [FXGL Background Thread 3 ] DEBUG Engine               - pixelsPerMeter: 50.0
09:33:11.612 [FXGL Background Thread 3 ] DEBUG Engine               - platform: WINDOWS
09:33:11.612 [FXGL Background Thread 3 ] DEBUG Engine               - profileDir: profiles/
09:33:11.612 [FXGL Background Thread 3 ] DEBUG Engine               - profileName: StringProperty [value: DEFAULT]
09:33:11.612 [FXGL Background Thread 3 ] DEBUG Engine               - randomSeed: -1
09:33:11.613 [FXGL Background Thread 3 ] DEBUG Engine               - runtimeInfo: RuntimeInfo(platform=WINDOWS, version=11.11, build=08.09.2020 18.00)
09:33:11.613 [FXGL Background Thread 3 ] DEBUG Engine               - saveFileExt: sav
09:33:11.613 [FXGL Background Thread 3 ] DEBUG Engine               - sceneFactory: com.almasb.fxgl.app.scene.SceneFactory@953eac6
09:33:11.613 [FXGL Background Thread 3 ] DEBUG Engine               - secondsIn24h: 60
09:33:11.613 [FXGL Background Thread 3 ] DEBUG Engine               - soundMenuBack: menu/back.wav
09:33:11.614 [FXGL Background Thread 3 ] DEBUG Engine               - soundMenuPress: menu/press.wav
09:33:11.614 [FXGL Background Thread 3 ] DEBUG Engine               - soundMenuSelect: menu/select.wav
09:33:11.615 [FXGL Background Thread 3 ] DEBUG Engine               - soundNotification: core/notification.wav
09:33:11.615 [FXGL Background Thread 3 ] DEBUG Engine               - stageStyle: DECORATED
09:33:11.615 [FXGL Background Thread 3 ] DEBUG Engine               - supportedLanguages: [ENGLISH, FRENCH, GERMAN, HUNGARIAN, RUSSIAN]
09:33:11.617 [FXGL Background Thread 3 ] DEBUG Engine               - title: Pong
09:33:11.618 [FXGL Background Thread 3 ] DEBUG Engine               - urlGithub: https://github.com/AlmasB/FXGL
09:33:11.619 [FXGL Background Thread 3 ] DEBUG Engine               - urlLeaderboard: http://fxgl-top.herokuapp.com/
09:33:11.619 [FXGL Background Thread 3 ] DEBUG Engine               - urlPOM: https://raw.githubusercontent.com/AlmasB/FXGL/master/pom.xml
09:33:11.620 [FXGL Background Thread 3 ] DEBUG Engine               - version: 1.0
09:33:11.620 [FXGL Background Thread 3 ] DEBUG Engine               - versionCheckDays: 7
09:33:11.620 [FXGL Background Thread 3 ] DEBUG Engine               - width: 800
09:33:11.620 [FXGL Background Thread 3 ] DEBUG Engine               - Logging services
09:33:11.621 [FXGL Background Thread 3 ] DEBUG Engine               - class com.almasb.fxgl.app.FXGLApplication$GameApplicationService
09:33:11.621 [FXGL Background Thread 3 ] DEBUG Engine               - class com.almasb.fxgl.app.services.FXGLDialogService
09:33:11.621 [FXGL Background Thread 3 ] DEBUG Engine               - class com.almasb.fxgl.app.services.IOTaskExecutorService
09:33:11.621 [FXGL Background Thread 3 ] DEBUG Engine               - class com.almasb.fxgl.event.EventBusService
09:33:11.621 [FXGL Background Thread 3 ] DEBUG Engine               - class com.almasb.fxgl.io.FileSystemService
09:33:11.621 [FXGL Background Thread 3 ] DEBUG Engine               - class com.almasb.fxgl.localization.LocalizationService
09:33:11.621 [FXGL Background Thread 3 ] DEBUG Engine               - class com.almasb.fxgl.app.services.FXGLAssetLoaderService
09:33:11.621 [FXGL Background Thread 3 ] DEBUG Engine               - class com.almasb.fxgl.app.services.SystemBundleService
09:33:11.621 [FXGL Background Thread 3 ] DEBUG Engine               - class com.almasb.fxgl.profile.SaveLoadService
09:33:11.622 [FXGL Background Thread 3 ] DEBUG Engine               - class com.almasb.fxgl.ui.FXGLUIFactoryServiceProvider
09:33:11.622 [FXGL Background Thread 3 ] DEBUG Engine               - class com.almasb.fxgl.ui.FXGLDialogFactoryServiceProvider
09:33:11.622 [FXGL Background Thread 3 ] DEBUG Engine               - class com.almasb.fxgl.audio.AudioPlayer
09:33:11.622 [FXGL Background Thread 3 ] DEBUG Engine               - class com.almasb.fxgl.notification.impl.NotificationServiceProvider
09:33:11.622 [FXGL Background Thread 3 ] DEBUG Engine               - class com.almasb.fxgl.achievement.AchievementService
09:33:11.623 [FXGL Background Thread 3 ] DEBUG Engine               - class com.almasb.fxgl.cutscene.CutsceneService
09:33:11.623 [FXGL Background Thread 3 ] DEBUG Engine               - class com.almasb.fxgl.minigames.MiniGameService
09:33:11.623 [FXGL Background Thread 3 ] DEBUG Engine               - class com.almasb.fxgl.net.NetService
09:33:11.623 [FXGL Background Thread 3 ] DEBUG Engine               - class com.almasb.fxgl.app.services.UpdaterService
09:33:11.623 [FXGL Background Thread 3 ] DEBUG Engine               - class com.almasb.fxgl.dev.DevService
09:33:12.470 [JavaFX Application Thread] DEBUG FXGLAssetLoaderServi - Loading from cache: /assets/sounds/hit_wall.wav
09:33:13.509 [JavaFX Application Thread] DEBUG FXGLAssetLoaderServi - Loading from cache: /assets/sounds/hit_wall.wav
09:33:13.825 [JavaFX Application Thread] DEBUG FXGLApplication      - Exiting FXGL
09:33:13.825 [JavaFX Application Thread] DEBUG LoopRunner           - Stopping loop
09:33:13.825 [JavaFX Application Thread] DEBUG SystemBundleService  - Saving FXGL system data
09:33:13.828 [JavaFX Application Thread] DEBUG FileSystemAccess     - Writing to: C:\Users\emily\OneDrive\Desktop\CI628\CI628-PongServer\system\fxgl.bundle
09:33:13.830 [JavaFX Application Thread] DEBUG Async                - Shutting down background threads
09:33:13.831 [JavaFX Application Thread] DEBUG MainWindow           - Closing main window
09:33:13.858 [JavaFX Application Thread] DEBUG Logger               - Closing Logger
