09:21:56.265 [main                     ] DEBUG Logger               - Configured Logger
09:21:56.270 [main                     ] DEBUG GameApplication      - Logging settings
Title: Pong
Version: 1.0
Width: 800
Height: 600
Fullscreen: false
Intro: false
Profiling: false
Single step:false
App Mode: DEBUG
Menu Key: ESCAPE
Stage Style: DECORATED
Scene Factory: class com.almasb.fxgl.app.scene.SceneFactory

09:21:56.849 [JavaFX Application Thread] DEBUG FXGLApplication      - Initializing FXGL
09:21:56.858 [JavaFX Application Thread] INFO  Engine               - FXGL-11.11 (08.09.2020 18.00) on WINDOWS (J:22.0.2 FX:14)
09:21:56.858 [JavaFX Application Thread] DEBUG Engine               - JRE Vendor Name: Amazon.com Inc.
09:21:56.859 [JavaFX Application Thread] DEBUG Engine               - Running on OS: Windows 11 version 10.0
09:21:56.859 [JavaFX Application Thread] DEBUG Engine               - Architecture: amd64
09:21:56.859 [JavaFX Application Thread] INFO  Engine               - Source code and latest versions at: https://github.com/AlmasB/FXGL
09:21:56.859 [JavaFX Application Thread] INFO  Engine               -              Join the FXGL chat at: https://gitter.im/AlmasB/FXGL
09:21:56.997 [JavaFX Application Thread] DEBUG MainWindow           - Creating a JavaFX scene
09:21:57.056 [JavaFX Application Thread] DEBUG MainWindow           - Target settings size: 800.0 x 600.0
09:21:57.057 [JavaFX Application Thread] DEBUG MainWindow           - Scaled scene size:    800.0 x 600.0
09:21:57.057 [JavaFX Application Thread] DEBUG MainWindow           - Scaled ratio: (1.0, 1.0)
09:21:57.058 [JavaFX Application Thread] DEBUG MainWindow           - Set initial scene to StartupScene
09:21:57.064 [JavaFX Application Thread] DEBUG MainWindow           - Opening main window
09:21:57.266 [JavaFX Application Thread] DEBUG MainWindow           - Window border size: (14.4000244140625, 37.5999755859375)
09:21:57.267 [JavaFX Application Thread] DEBUG MainWindow           - Scaled size: 800.0 x 600.0
09:21:57.268 [JavaFX Application Thread] DEBUG MainWindow           - Scaled ratio: (1.0, 1.0)
09:21:57.268 [JavaFX Application Thread] DEBUG MainWindow           - Scene size: 800.0 x 600.0
09:21:57.269 [JavaFX Application Thread] DEBUG MainWindow           - Stage size: 814.4000244140625 x 637.5999755859375
09:21:57.283 [FXGL Background Thread 1 ] DEBUG Engine               - Initializing environment variables
09:21:57.352 [FXGL Background Thread 1 ] DEBUG GameApplicationServi - Applying CSS: fxgl_dark.css
09:21:57.353 [FXGL Background Thread 1 ] DEBUG FXGLAssetLoaderServi - Loading from file system: /assets/ui/css/fxgl_dark.css
09:21:57.496 [FXGL Background Thread 1 ] DEBUG GameApplicationServi - Initializing application scenes
09:21:57.580 [FXGL Background Thread 1 ] DEBUG GameWorld            - Game world initialized
09:21:57.694 [FXGL Background Thread 1 ] DEBUG PhysicsWorld         - Physics world initialized: appHeight=600, physics.ppm=50.0
09:21:57.698 [FXGL Background Thread 1 ] DEBUG GameScene            - Game scene initialized: 800x600
09:21:57.754 [FXGL Background Thread 1 ] DEBUG FXGLAssetLoaderServi - Loading from file system: /assets/textures/particles/trace_horizontal.png
09:21:57.827 [FXGL Background Thread 1 ] DEBUG FXGL.DefaultMenu     - createMenuBodyGameMenu()
09:21:57.859 [FXGL Background Thread 1 ] DEBUG FXGL.DefaultMenu     - createOptionsMenu()
09:21:57.873 [FXGL Background Thread 1 ] DEBUG FXGLAssetLoaderServi - Loading from file system: /assets/textures/particles/smoke.png
09:21:57.953 [FXGL Background Thread 1 ] DEBUG GameApplicationServi - Application scenes initialized
09:21:57.972 [FXGL Background Thread 1 ] DEBUG SystemBundleService  - Loading FXGL system data
09:21:57.974 [FXGL Background Thread 1 ] DEBUG FileSystemAccess     - Reading from: C:\Users\emily\OneDrive\Desktop\CI628\CI628-PongServer\system\fxgl.bundle
09:21:57.978 [FXGL Background Thread 1 ] DEBUG SystemBundleService  - Bundle FXGL: {}
09:21:57.979 [FXGL Background Thread 1 ] DEBUG UpdaterService       - Checking for updates
09:21:57.985 [FXGL Background Thread 1 ] DEBUG FXGLApplication      - Loading default localization
09:21:57.986 [FXGL Background Thread 4 ] DEBUG FXGLApplication      - Loading fonts
09:21:57.986 [FXGL Background Thread 4 ] DEBUG FXGLAssetLoaderServi - Loading from file system: /assets/ui/fonts/pong.ttf
09:21:57.986 [FXGL Background Thread 1 ] DEBUG FXGLAssetLoaderServi - Loading from file system: /assets/languages/english.lang
09:21:58.009 [FXGL Background Thread 1 ] INFO  FXGLApplication      - FXGL initialization took: 0.726 sec
09:21:58.015 [FXGL Background Thread 4 ] DEBUG FXGLAssetLoaderServi - Loading from file system: /assets/ui/fonts/Abel-Regular.ttf
09:21:58.024 [JavaFX Application Thread] DEBUG Input                - Registered new binding: Up1 - W
09:21:58.024 [JavaFX Application Thread] DEBUG Input                - Registered new binding: Down1 - S
09:21:58.024 [JavaFX Application Thread] DEBUG Input                - Registered new binding: Left1 - A
09:21:58.025 [JavaFX Application Thread] DEBUG Input                - Registered new binding: Right1 - D
09:21:58.025 [JavaFX Application Thread] DEBUG Input                - Registered new binding: Up2 - I
09:21:58.025 [JavaFX Application Thread] DEBUG Input                - Registered new binding: Down2 - K
09:21:58.026 [JavaFX Application Thread] DEBUG Input                - Registered new binding: Left2 - J
09:21:58.026 [JavaFX Application Thread] DEBUG Input                - Registered new binding: Right2 - L
09:21:58.028 [JavaFX Application Thread] DEBUG FXGLAssetLoaderServi - Loading from file system: /assets/textures/fxgl_icon.png
09:21:58.037 [FXGL Background Thread 4 ] DEBUG FXGLAssetLoaderServi - Loading from file system: /assets/ui/fonts/lucida_console.ttf
09:21:58.056 [JavaFX Application Thread] DEBUG FXGLAssetLoaderServi - Loading from file system: /assets/ui/cursors/fxgl_default.png
09:21:58.060 [JavaFX Application Thread] DEBUG Input                - Registered new binding: Screenshot - P
09:21:58.061 [JavaFX Application Thread] DEBUG Input                - Registered new binding: System info dump - CTRL+9
09:21:58.061 [JavaFX Application Thread] DEBUG Input                - Registered new binding: Restart - CTRL+R
09:21:58.063 [JavaFX Application Thread] DEBUG Input                - Registered new binding: Toggle Debug Camera - CTRL+C
09:21:58.064 [FXGL Background Thread 4 ] DEBUG FXGLAssetLoaderServi - Loading from file system: /assets/ui/fonts/Courier-Prime.ttf
09:21:58.072 [JavaFX Application Thread] DEBUG LoopRunner           - Starting loop
09:21:58.079 [JavaFX Application Thread] DEBUG GameApplicationServi - Starting new game
09:21:58.080 [JavaFX Application Thread] DEBUG Input                - Clearing active input actions
09:21:58.111 [JavaFX Application Thread] DEBUG GameApplicationServi - Removing overlay from StartupScene and adding to FXGLLoadingScene
09:21:58.112 [JavaFX Application Thread] DEBUG MainWindow           - StartupScene -> FXGLLoadingScene
09:21:58.112 [JavaFX Application Thread] DEBUG GameApplicationServi - Clearing previous game
09:21:58.113 [JavaFX Application Thread] DEBUG GameScene            - Clearing game scene
09:21:58.114 [JavaFX Application Thread] DEBUG GameWorld            - Clearing game world
09:21:58.114 [JavaFX Application Thread] DEBUG PhysicsWorld         - Clearing physics world
09:21:58.119 [FXGL Background Thread 1 ] DEBUG FXGLApplication      - Initializing game
09:21:58.200 [FXGL Background Thread 1 ] DEBUG FXGLAssetLoaderServi - Loading from file system: /assets/textures/sprites/bat.PNG
09:21:58.201 [FXGL Background Thread 1 ] WARN  FXGLAssetLoaderServi - Failed to load texture sprites/bat.PNG Error: java.lang.IllegalArgumentException: Asset "/assets/textures/sprites/bat.PNG" was not found!
09:21:58.220 [JavaFX Application Thread] DEBUG FXGLApplication      - Registering font factories with UI factory
09:21:58.345 [FXGL Background Thread 1 ] DEBUG FXGLAssetLoaderServi - Loading from file system: /assets/textures/sprites/bat.PNG
09:21:58.346 [FXGL Background Thread 1 ] WARN  FXGLAssetLoaderServi - Failed to load texture sprites/bat.PNG Error: java.lang.IllegalArgumentException: Asset "/assets/textures/sprites/bat.PNG" was not found!
09:21:58.355 [FXGL Background Thread 1 ] DEBUG FXGLAssetLoaderServi - Loading from file system: /assets/ui/main.fxml
09:21:58.356 [Thread-4                 ] DEBUG TCPServer            - Starting to listen at: 55555 type: class java.lang.String
09:21:58.497 [FXGL Background Thread 1 ] INFO  FXGLApplication      - Game initialization took: 0.378 sec
09:21:58.498 [JavaFX Application Thread] DEBUG Input                - Clearing active input actions
09:21:58.522 [JavaFX Application Thread] DEBUG GameApplicationServi - Removing overlay from FXGLLoadingScene and adding to GameScene
09:21:58.523 [JavaFX Application Thread] DEBUG MainWindow           - FXGLLoadingScene -> GameScene
09:21:58.737 [FXGL Background Thread 2 ] INFO  UpdaterService       - Your current version:  11.11
09:21:58.737 [FXGL Background Thread 2 ] INFO  UpdaterService       - Latest stable version: 21+dev-SNAPSHOT
09:21:59.592 [JavaFX Application Thread] DEBUG FXGLAssetLoaderServi - Loading from file system: /assets/sounds/hit_wall.wav
09:22:00.025 [JavaFX Application Thread] DEBUG FXGLAssetLoaderServi - Loading from cache: /assets/sounds/hit_wall.wav
09:22:00.614 [JavaFX Application Thread] DEBUG FXGLAssetLoaderServi - Loading from file system: /assets/sounds/hit_bat.wav
09:22:00.983 [FXGL Background Thread 3 ] DEBUG Engine               - Logging environment variables
09:22:00.983 [FXGL Background Thread 3 ] DEBUG Engine               - achievements: []
09:22:00.983 [FXGL Background Thread 3 ] DEBUG Engine               - appIcon: fxgl_icon.png
09:22:00.983 [FXGL Background Thread 3 ] DEBUG Engine               - applicationMode: DEBUG
09:22:00.983 [FXGL Background Thread 3 ] DEBUG Engine               - cSSList: [fxgl_dark.css]
09:22:00.983 [FXGL Background Thread 3 ] DEBUG Engine               - configClass: Optional.empty
09:22:00.983 [FXGL Background Thread 3 ] DEBUG Engine               - credits: []
09:22:00.983 [FXGL Background Thread 3 ] DEBUG Engine               - devBBoxColorProperty: ObjectProperty [value: 0xff0000ff]
09:22:00.984 [FXGL Background Thread 3 ] DEBUG Engine               - devEnableDebugCameraProperty: BooleanProperty [value: false]
09:22:00.984 [FXGL Background Thread 3 ] DEBUG Engine               - devSensorColorProperty: ObjectProperty [value: 0xffff00ff]
09:22:00.984 [FXGL Background Thread 3 ] DEBUG Engine               - devShowBBoxProperty: BooleanProperty [value: false]
09:22:00.984 [FXGL Background Thread 3 ] DEBUG Engine               - devShowPositionProperty: BooleanProperty [value: false]
09:22:00.984 [FXGL Background Thread 3 ] DEBUG Engine               - enabledMenuItems: []
09:22:00.984 [FXGL Background Thread 3 ] DEBUG Engine               - engineServices: [class com.almasb.fxgl.app.FXGLApplication$GameApplicationService, class com.almasb.fxgl.app.services.FXGLDialogService, class com.almasb.fxgl.app.services.IOTaskExecutorService, class com.almasb.fxgl.event.EventBusService, class com.almasb.fxgl.io.FileSystemService, class com.almasb.fxgl.localization.LocalizationService, class com.almasb.fxgl.app.services.FXGLAssetLoaderService, class com.almasb.fxgl.app.services.SystemBundleService, class com.almasb.fxgl.profile.SaveLoadService, class com.almasb.fxgl.ui.FXGLUIFactoryServiceProvider, class com.almasb.fxgl.ui.FXGLDialogFactoryServiceProvider, class com.almasb.fxgl.audio.AudioPlayer, class com.almasb.fxgl.notification.impl.NotificationServiceProvider, class com.almasb.fxgl.achievement.AchievementService, class com.almasb.fxgl.cutscene.CutsceneService, class com.almasb.fxgl.minigames.MiniGameService, class com.almasb.fxgl.net.NetService, class com.almasb.fxgl.app.services.UpdaterService, class com.almasb.fxgl.dev.DevService]
09:22:00.984 [FXGL Background Thread 3 ] DEBUG Engine               - fontGame: Abel-Regular.ttf
09:22:00.985 [FXGL Background Thread 3 ] DEBUG Engine               - fontMono: lucida_console.ttf
09:22:00.985 [FXGL Background Thread 3 ] DEBUG Engine               - fontText: Courier-Prime.ttf
09:22:00.985 [FXGL Background Thread 3 ] DEBUG Engine               - fontUI: pong.ttf
09:22:00.985 [FXGL Background Thread 3 ] DEBUG Engine               - fullScreen: BooleanProperty [value: false]
09:22:00.985 [FXGL Background Thread 3 ] DEBUG Engine               - gameDifficulty: MEDIUM
09:22:00.985 [FXGL Background Thread 3 ] DEBUG Engine               - gameDifficultyProperty: ObjectProperty [value: MEDIUM]
09:22:00.985 [FXGL Background Thread 3 ] DEBUG Engine               - globalMusicVolume: 0.5
09:22:00.986 [FXGL Background Thread 3 ] DEBUG Engine               - globalMusicVolumeProperty: DoubleProperty [value: 0.5]
09:22:00.986 [FXGL Background Thread 3 ] DEBUG Engine               - globalSoundVolume: 0.5
09:22:00.986 [FXGL Background Thread 3 ] DEBUG Engine               - globalSoundVolumeProperty: DoubleProperty [value: 0.5]
09:22:00.986 [FXGL Background Thread 3 ] DEBUG Engine               - height: 600
09:22:00.986 [FXGL Background Thread 3 ] DEBUG Engine               - isAndroid: false
09:22:00.986 [FXGL Background Thread 3 ] DEBUG Engine               - isBrowser: false
09:22:00.986 [FXGL Background Thread 3 ] DEBUG Engine               - isClickFeedbackEnabled: false
09:22:00.986 [FXGL Background Thread 3 ] DEBUG Engine               - isCloseConfirmation: false
09:22:00.986 [FXGL Background Thread 3 ] DEBUG Engine               - isDesktop: true
09:22:00.986 [FXGL Background Thread 3 ] DEBUG Engine               - isDeveloperMenuEnabled: false
09:22:00.988 [FXGL Background Thread 3 ] DEBUG Engine               - isEntityPreloadEnabled: true
09:22:00.988 [FXGL Background Thread 3 ] DEBUG Engine               - isExperimentalNative: false
09:22:00.988 [FXGL Background Thread 3 ] DEBUG Engine               - isExperimentalTiledLargeMap: false
09:22:00.988 [FXGL Background Thread 3 ] DEBUG Engine               - isFileSystemWriteAllowed: true
09:22:00.988 [FXGL Background Thread 3 ] DEBUG Engine               - isFullScreenAllowed: false
09:22:00.988 [FXGL Background Thread 3 ] DEBUG Engine               - isFullScreenFromStart: false
09:22:00.988 [FXGL Background Thread 3 ] DEBUG Engine               - isGameMenuEnabled: true
09:22:00.988 [FXGL Background Thread 3 ] DEBUG Engine               - isIOS: false
09:22:00.988 [FXGL Background Thread 3 ] DEBUG Engine               - isIntroEnabled: false
09:22:00.988 [FXGL Background Thread 3 ] DEBUG Engine               - isLinux: false
09:22:00.988 [FXGL Background Thread 3 ] DEBUG Engine               - isMac: false
09:22:00.988 [FXGL Background Thread 3 ] DEBUG Engine               - isMainMenuEnabled: false
09:22:00.989 [FXGL Background Thread 3 ] DEBUG Engine               - isManualResizeEnabled: false
09:22:00.989 [FXGL Background Thread 3 ] DEBUG Engine               - isMobile: false
09:22:00.989 [FXGL Background Thread 3 ] DEBUG Engine               - isPreserveResizeRatio: false
09:22:00.990 [FXGL Background Thread 3 ] DEBUG Engine               - isProfilingEnabled: false
09:22:00.990 [FXGL Background Thread 3 ] DEBUG Engine               - isSingleStep: false
09:22:00.990 [FXGL Background Thread 3 ] DEBUG Engine               - isUserProfileEnabled: false
09:22:00.990 [FXGL Background Thread 3 ] DEBUG Engine               - isWindows: true
09:22:00.990 [FXGL Background Thread 3 ] DEBUG Engine               - language: ObjectProperty [value: ENGLISH]
09:22:00.990 [FXGL Background Thread 3 ] DEBUG Engine               - menuKey: ESCAPE
09:22:00.990 [FXGL Background Thread 3 ] DEBUG Engine               - notificationViewClass: class com.almasb.fxgl.notification.view.XboxNotificationView
09:22:00.990 [FXGL Background Thread 3 ] DEBUG Engine               - pixelsPerMeter: 50.0
09:22:00.990 [FXGL Background Thread 3 ] DEBUG Engine               - platform: WINDOWS
09:22:00.991 [FXGL Background Thread 3 ] DEBUG Engine               - profileDir: profiles/
09:22:00.991 [FXGL Background Thread 3 ] DEBUG Engine               - profileName: StringProperty [value: DEFAULT]
09:22:00.991 [FXGL Background Thread 3 ] DEBUG Engine               - randomSeed: -1
09:22:00.992 [FXGL Background Thread 3 ] DEBUG Engine               - runtimeInfo: RuntimeInfo(platform=WINDOWS, version=11.11, build=08.09.2020 18.00)
09:22:00.992 [FXGL Background Thread 3 ] DEBUG Engine               - saveFileExt: sav
09:22:00.992 [FXGL Background Thread 3 ] DEBUG Engine               - sceneFactory: com.almasb.fxgl.app.scene.SceneFactory@62567854
09:22:00.993 [FXGL Background Thread 3 ] DEBUG Engine               - secondsIn24h: 60
09:22:00.994 [FXGL Background Thread 3 ] DEBUG Engine               - soundMenuBack: menu/back.wav
09:22:00.995 [FXGL Background Thread 3 ] DEBUG Engine               - soundMenuPress: menu/press.wav
09:22:00.995 [FXGL Background Thread 3 ] DEBUG Engine               - soundMenuSelect: menu/select.wav
09:22:00.995 [FXGL Background Thread 3 ] DEBUG Engine               - soundNotification: core/notification.wav
09:22:00.995 [FXGL Background Thread 3 ] DEBUG Engine               - stageStyle: DECORATED
09:22:00.995 [FXGL Background Thread 3 ] DEBUG Engine               - supportedLanguages: [ENGLISH, FRENCH, GERMAN, HUNGARIAN, RUSSIAN]
09:22:00.996 [FXGL Background Thread 3 ] DEBUG Engine               - title: Pong
09:22:00.996 [FXGL Background Thread 3 ] DEBUG Engine               - urlGithub: https://github.com/AlmasB/FXGL
09:22:00.996 [FXGL Background Thread 3 ] DEBUG Engine               - urlLeaderboard: http://fxgl-top.herokuapp.com/
09:22:00.996 [FXGL Background Thread 3 ] DEBUG Engine               - urlPOM: https://raw.githubusercontent.com/AlmasB/FXGL/master/pom.xml
09:22:00.996 [FXGL Background Thread 3 ] DEBUG Engine               - version: 1.0
09:22:00.996 [FXGL Background Thread 3 ] DEBUG Engine               - versionCheckDays: 7
09:22:00.996 [FXGL Background Thread 3 ] DEBUG Engine               - width: 800
09:22:00.996 [FXGL Background Thread 3 ] DEBUG Engine               - Logging services
09:22:00.996 [FXGL Background Thread 3 ] DEBUG Engine               - class com.almasb.fxgl.app.FXGLApplication$GameApplicationService
09:22:00.996 [FXGL Background Thread 3 ] DEBUG Engine               - class com.almasb.fxgl.app.services.FXGLDialogService
09:22:00.996 [FXGL Background Thread 3 ] DEBUG Engine               - class com.almasb.fxgl.app.services.IOTaskExecutorService
09:22:00.996 [FXGL Background Thread 3 ] DEBUG Engine               - class com.almasb.fxgl.event.EventBusService
09:22:00.996 [FXGL Background Thread 3 ] DEBUG Engine               - class com.almasb.fxgl.io.FileSystemService
09:22:00.997 [FXGL Background Thread 3 ] DEBUG Engine               - class com.almasb.fxgl.localization.LocalizationService
09:22:00.997 [FXGL Background Thread 3 ] DEBUG Engine               - class com.almasb.fxgl.app.services.FXGLAssetLoaderService
09:22:00.997 [FXGL Background Thread 3 ] DEBUG Engine               - class com.almasb.fxgl.app.services.SystemBundleService
09:22:00.997 [FXGL Background Thread 3 ] DEBUG Engine               - class com.almasb.fxgl.profile.SaveLoadService
09:22:00.997 [FXGL Background Thread 3 ] DEBUG Engine               - class com.almasb.fxgl.ui.FXGLUIFactoryServiceProvider
09:22:00.997 [FXGL Background Thread 3 ] DEBUG Engine               - class com.almasb.fxgl.ui.FXGLDialogFactoryServiceProvider
09:22:00.998 [FXGL Background Thread 3 ] DEBUG Engine               - class com.almasb.fxgl.audio.AudioPlayer
09:22:00.998 [FXGL Background Thread 3 ] DEBUG Engine               - class com.almasb.fxgl.notification.impl.NotificationServiceProvider
09:22:00.998 [FXGL Background Thread 3 ] DEBUG Engine               - class com.almasb.fxgl.achievement.AchievementService
09:22:00.998 [FXGL Background Thread 3 ] DEBUG Engine               - class com.almasb.fxgl.cutscene.CutsceneService
09:22:00.998 [FXGL Background Thread 3 ] DEBUG Engine               - class com.almasb.fxgl.minigames.MiniGameService
09:22:00.998 [FXGL Background Thread 3 ] DEBUG Engine               - class com.almasb.fxgl.net.NetService
09:22:00.998 [FXGL Background Thread 3 ] DEBUG Engine               - class com.almasb.fxgl.app.services.UpdaterService
09:22:00.998 [FXGL Background Thread 3 ] DEBUG Engine               - class com.almasb.fxgl.dev.DevService
09:22:01.570 [JavaFX Application Thread] DEBUG FXGLAssetLoaderServi - Loading from cache: /assets/sounds/hit_wall.wav
09:22:02.643 [JavaFX Application Thread] DEBUG FXGLAssetLoaderServi - Loading from cache: /assets/sounds/hit_wall.wav
09:22:04.769 [JavaFX Application Thread] DEBUG FXGLAssetLoaderServi - Loading from cache: /assets/sounds/hit_wall.wav
09:22:05.265 [JavaFX Application Thread] DEBUG FXGLAssetLoaderServi - Loading from cache: /assets/sounds/hit_wall.wav
09:22:07.890 [JavaFX Application Thread] DEBUG FXGLAssetLoaderServi - Loading from cache: /assets/sounds/hit_wall.wav
09:22:08.770 [JavaFX Application Thread] DEBUG FXGLAssetLoaderServi - Loading from cache: /assets/sounds/hit_wall.wav
09:22:10.530 [JavaFX Application Thread] DEBUG FXGLAssetLoaderServi - Loading from cache: /assets/sounds/hit_wall.wav
09:22:13.170 [JavaFX Application Thread] DEBUG FXGLAssetLoaderServi - Loading from cache: /assets/sounds/hit_wall.wav
09:22:13.794 [JavaFX Application Thread] DEBUG FXGLAssetLoaderServi - Loading from cache: /assets/sounds/hit_bat.wav
09:22:14.417 [JavaFX Application Thread] DEBUG FXGLAssetLoaderServi - Loading from cache: /assets/sounds/hit_wall.wav
09:22:15.056 [JavaFX Application Thread] DEBUG FXGLAssetLoaderServi - Loading from cache: /assets/sounds/hit_bat.wav
09:22:15.700 [JavaFX Application Thread] DEBUG FXGLAssetLoaderServi - Loading from cache: /assets/sounds/hit_wall.wav
09:22:16.321 [JavaFX Application Thread] DEBUG FXGLAssetLoaderServi - Loading from cache: /assets/sounds/hit_bat.wav
09:22:16.962 [JavaFX Application Thread] DEBUG FXGLAssetLoaderServi - Loading from cache: /assets/sounds/hit_wall.wav
09:22:17.585 [JavaFX Application Thread] DEBUG FXGLAssetLoaderServi - Loading from cache: /assets/sounds/hit_bat.wav
09:22:18.227 [JavaFX Application Thread] DEBUG FXGLAssetLoaderServi - Loading from cache: /assets/sounds/hit_wall.wav
09:22:18.849 [JavaFX Application Thread] DEBUG FXGLAssetLoaderServi - Loading from cache: /assets/sounds/hit_bat.wav
09:22:19.489 [JavaFX Application Thread] DEBUG FXGLAssetLoaderServi - Loading from cache: /assets/sounds/hit_wall.wav
09:22:20.116 [JavaFX Application Thread] DEBUG FXGLAssetLoaderServi - Loading from cache: /assets/sounds/hit_bat.wav
09:22:20.756 [JavaFX Application Thread] DEBUG FXGLAssetLoaderServi - Loading from cache: /assets/sounds/hit_wall.wav
09:22:21.378 [JavaFX Application Thread] DEBUG FXGLAssetLoaderServi - Loading from cache: /assets/sounds/hit_bat.wav
09:22:22.018 [JavaFX Application Thread] DEBUG FXGLAssetLoaderServi - Loading from cache: /assets/sounds/hit_wall.wav
09:22:22.641 [JavaFX Application Thread] DEBUG FXGLAssetLoaderServi - Loading from cache: /assets/sounds/hit_bat.wav
09:22:23.280 [JavaFX Application Thread] DEBUG FXGLAssetLoaderServi - Loading from cache: /assets/sounds/hit_wall.wav
09:22:23.924 [JavaFX Application Thread] DEBUG FXGLAssetLoaderServi - Loading from cache: /assets/sounds/hit_bat.wav
09:22:24.545 [JavaFX Application Thread] DEBUG FXGLAssetLoaderServi - Loading from cache: /assets/sounds/hit_wall.wav
09:22:25.189 [JavaFX Application Thread] DEBUG FXGLAssetLoaderServi - Loading from cache: /assets/sounds/hit_bat.wav
09:22:25.809 [JavaFX Application Thread] DEBUG FXGLAssetLoaderServi - Loading from cache: /assets/sounds/hit_wall.wav
09:22:26.448 [JavaFX Application Thread] DEBUG FXGLAssetLoaderServi - Loading from cache: /assets/sounds/hit_bat.wav
09:22:27.073 [JavaFX Application Thread] DEBUG FXGLAssetLoaderServi - Loading from cache: /assets/sounds/hit_wall.wav
09:22:27.713 [JavaFX Application Thread] DEBUG FXGLAssetLoaderServi - Loading from cache: /assets/sounds/hit_bat.wav
09:22:28.338 [JavaFX Application Thread] DEBUG FXGLAssetLoaderServi - Loading from cache: /assets/sounds/hit_wall.wav
09:22:28.978 [JavaFX Application Thread] DEBUG FXGLAssetLoaderServi - Loading from cache: /assets/sounds/hit_bat.wav
09:22:29.620 [JavaFX Application Thread] DEBUG FXGLAssetLoaderServi - Loading from cache: /assets/sounds/hit_wall.wav
09:22:30.241 [JavaFX Application Thread] DEBUG FXGLAssetLoaderServi - Loading from cache: /assets/sounds/hit_bat.wav
09:22:30.884 [JavaFX Application Thread] DEBUG FXGLAssetLoaderServi - Loading from cache: /assets/sounds/hit_wall.wav
09:22:31.507 [JavaFX Application Thread] DEBUG FXGLAssetLoaderServi - Loading from cache: /assets/sounds/hit_bat.wav
09:22:32.145 [JavaFX Application Thread] DEBUG FXGLAssetLoaderServi - Loading from cache: /assets/sounds/hit_wall.wav
09:22:32.769 [JavaFX Application Thread] DEBUG FXGLAssetLoaderServi - Loading from cache: /assets/sounds/hit_bat.wav
09:22:33.413 [JavaFX Application Thread] DEBUG FXGLAssetLoaderServi - Loading from cache: /assets/sounds/hit_wall.wav
09:22:34.034 [JavaFX Application Thread] DEBUG FXGLAssetLoaderServi - Loading from cache: /assets/sounds/hit_bat.wav
09:22:34.674 [JavaFX Application Thread] DEBUG FXGLAssetLoaderServi - Loading from cache: /assets/sounds/hit_wall.wav
09:22:35.298 [JavaFX Application Thread] DEBUG FXGLAssetLoaderServi - Loading from cache: /assets/sounds/hit_bat.wav
09:22:35.938 [JavaFX Application Thread] DEBUG FXGLAssetLoaderServi - Loading from cache: /assets/sounds/hit_wall.wav
09:22:36.581 [JavaFX Application Thread] DEBUG FXGLAssetLoaderServi - Loading from cache: /assets/sounds/hit_bat.wav
09:22:37.202 [JavaFX Application Thread] DEBUG FXGLAssetLoaderServi - Loading from cache: /assets/sounds/hit_wall.wav
09:22:37.846 [JavaFX Application Thread] DEBUG FXGLAssetLoaderServi - Loading from cache: /assets/sounds/hit_bat.wav
09:22:38.465 [JavaFX Application Thread] DEBUG FXGLAssetLoaderServi - Loading from cache: /assets/sounds/hit_wall.wav
09:22:39.105 [JavaFX Application Thread] DEBUG FXGLAssetLoaderServi - Loading from cache: /assets/sounds/hit_bat.wav
09:22:39.730 [JavaFX Application Thread] DEBUG FXGLAssetLoaderServi - Loading from cache: /assets/sounds/hit_wall.wav
09:22:40.369 [JavaFX Application Thread] DEBUG FXGLAssetLoaderServi - Loading from cache: /assets/sounds/hit_bat.wav
09:22:40.993 [JavaFX Application Thread] DEBUG FXGLAssetLoaderServi - Loading from cache: /assets/sounds/hit_wall.wav
09:22:41.634 [JavaFX Application Thread] DEBUG FXGLAssetLoaderServi - Loading from cache: /assets/sounds/hit_bat.wav
09:22:42.258 [JavaFX Application Thread] DEBUG FXGLAssetLoaderServi - Loading from cache: /assets/sounds/hit_wall.wav
09:22:42.897 [JavaFX Application Thread] DEBUG FXGLAssetLoaderServi - Loading from cache: /assets/sounds/hit_bat.wav
09:22:43.539 [JavaFX Application Thread] DEBUG FXGLAssetLoaderServi - Loading from cache: /assets/sounds/hit_wall.wav
09:22:44.161 [JavaFX Application Thread] DEBUG FXGLAssetLoaderServi - Loading from cache: /assets/sounds/hit_bat.wav
09:22:44.803 [JavaFX Application Thread] DEBUG FXGLAssetLoaderServi - Loading from cache: /assets/sounds/hit_wall.wav
09:22:45.425 [JavaFX Application Thread] DEBUG FXGLAssetLoaderServi - Loading from cache: /assets/sounds/hit_bat.wav
09:22:46.066 [JavaFX Application Thread] DEBUG FXGLAssetLoaderServi - Loading from cache: /assets/sounds/hit_wall.wav
09:22:46.689 [JavaFX Application Thread] DEBUG FXGLAssetLoaderServi - Loading from cache: /assets/sounds/hit_bat.wav
09:22:47.329 [JavaFX Application Thread] DEBUG FXGLAssetLoaderServi - Loading from cache: /assets/sounds/hit_wall.wav
09:22:47.954 [JavaFX Application Thread] DEBUG FXGLAssetLoaderServi - Loading from cache: /assets/sounds/hit_bat.wav
09:22:48.594 [JavaFX Application Thread] DEBUG FXGLAssetLoaderServi - Loading from cache: /assets/sounds/hit_wall.wav
09:22:49.219 [JavaFX Application Thread] DEBUG FXGLAssetLoaderServi - Loading from cache: /assets/sounds/hit_bat.wav
09:22:49.857 [JavaFX Application Thread] DEBUG FXGLAssetLoaderServi - Loading from cache: /assets/sounds/hit_wall.wav
09:22:50.482 [JavaFX Application Thread] DEBUG FXGLAssetLoaderServi - Loading from cache: /assets/sounds/hit_bat.wav
09:22:51.121 [JavaFX Application Thread] DEBUG FXGLAssetLoaderServi - Loading from cache: /assets/sounds/hit_wall.wav
09:22:51.765 [JavaFX Application Thread] DEBUG FXGLAssetLoaderServi - Loading from cache: /assets/sounds/hit_bat.wav
09:22:52.386 [JavaFX Application Thread] DEBUG FXGLAssetLoaderServi - Loading from cache: /assets/sounds/hit_wall.wav
09:22:53.028 [JavaFX Application Thread] DEBUG FXGLAssetLoaderServi - Loading from cache: /assets/sounds/hit_bat.wav
09:22:53.648 [JavaFX Application Thread] DEBUG FXGLAssetLoaderServi - Loading from cache: /assets/sounds/hit_wall.wav
09:22:54.289 [JavaFX Application Thread] DEBUG FXGLAssetLoaderServi - Loading from cache: /assets/sounds/hit_bat.wav
09:22:54.914 [JavaFX Application Thread] DEBUG FXGLAssetLoaderServi - Loading from cache: /assets/sounds/hit_wall.wav
09:22:55.553 [JavaFX Application Thread] DEBUG FXGLAssetLoaderServi - Loading from cache: /assets/sounds/hit_bat.wav
09:22:56.196 [JavaFX Application Thread] DEBUG FXGLAssetLoaderServi - Loading from cache: /assets/sounds/hit_wall.wav
09:22:56.817 [JavaFX Application Thread] DEBUG FXGLAssetLoaderServi - Loading from cache: /assets/sounds/hit_bat.wav
09:22:57.457 [JavaFX Application Thread] DEBUG FXGLAssetLoaderServi - Loading from cache: /assets/sounds/hit_wall.wav
09:22:58.080 [JavaFX Application Thread] DEBUG FXGLAssetLoaderServi - Loading from cache: /assets/sounds/hit_bat.wav
09:22:58.724 [JavaFX Application Thread] DEBUG FXGLAssetLoaderServi - Loading from cache: /assets/sounds/hit_wall.wav
09:22:59.346 [JavaFX Application Thread] DEBUG FXGLAssetLoaderServi - Loading from cache: /assets/sounds/hit_bat.wav
09:22:59.988 [JavaFX Application Thread] DEBUG FXGLAssetLoaderServi - Loading from cache: /assets/sounds/hit_wall.wav
09:23:00.610 [JavaFX Application Thread] DEBUG FXGLAssetLoaderServi - Loading from cache: /assets/sounds/hit_bat.wav
09:23:01.250 [JavaFX Application Thread] DEBUG FXGLAssetLoaderServi - Loading from cache: /assets/sounds/hit_wall.wav
09:23:01.874 [JavaFX Application Thread] DEBUG FXGLAssetLoaderServi - Loading from cache: /assets/sounds/hit_bat.wav
09:23:02.517 [JavaFX Application Thread] DEBUG FXGLAssetLoaderServi - Loading from cache: /assets/sounds/hit_wall.wav
09:23:03.137 [JavaFX Application Thread] DEBUG FXGLAssetLoaderServi - Loading from cache: /assets/sounds/hit_bat.wav
09:23:03.777 [JavaFX Application Thread] DEBUG FXGLAssetLoaderServi - Loading from cache: /assets/sounds/hit_wall.wav
09:23:04.419 [JavaFX Application Thread] DEBUG FXGLAssetLoaderServi - Loading from cache: /assets/sounds/hit_bat.wav
09:23:05.041 [JavaFX Application Thread] DEBUG FXGLAssetLoaderServi - Loading from cache: /assets/sounds/hit_wall.wav
09:23:05.682 [JavaFX Application Thread] DEBUG FXGLAssetLoaderServi - Loading from cache: /assets/sounds/hit_bat.wav
09:23:06.307 [JavaFX Application Thread] DEBUG FXGLAssetLoaderServi - Loading from cache: /assets/sounds/hit_wall.wav
09:23:06.948 [JavaFX Application Thread] DEBUG FXGLAssetLoaderServi - Loading from cache: /assets/sounds/hit_bat.wav
09:23:07.569 [JavaFX Application Thread] DEBUG FXGLAssetLoaderServi - Loading from cache: /assets/sounds/hit_wall.wav
09:23:08.208 [JavaFX Application Thread] DEBUG FXGLAssetLoaderServi - Loading from cache: /assets/sounds/hit_bat.wav
09:23:08.834 [JavaFX Application Thread] DEBUG FXGLAssetLoaderServi - Loading from cache: /assets/sounds/hit_wall.wav
09:23:09.476 [JavaFX Application Thread] DEBUG FXGLAssetLoaderServi - Loading from cache: /assets/sounds/hit_bat.wav
09:23:10.099 [JavaFX Application Thread] DEBUG FXGLAssetLoaderServi - Loading from cache: /assets/sounds/hit_wall.wav
09:23:10.737 [JavaFX Application Thread] DEBUG FXGLAssetLoaderServi - Loading from cache: /assets/sounds/hit_bat.wav
09:23:11.395 [JavaFX Application Thread] DEBUG FXGLAssetLoaderServi - Loading from cache: /assets/sounds/hit_wall.wav
09:23:11.804 [JavaFX Application Thread] DEBUG FXGLApplication      - Exiting FXGL
09:23:11.804 [JavaFX Application Thread] DEBUG LoopRunner           - Stopping loop
09:23:11.804 [JavaFX Application Thread] DEBUG SystemBundleService  - Saving FXGL system data
09:23:11.806 [JavaFX Application Thread] DEBUG FileSystemAccess     - Writing to: C:\Users\emily\OneDrive\Desktop\CI628\CI628-PongServer\system\fxgl.bundle
09:23:11.809 [JavaFX Application Thread] DEBUG Async                - Shutting down background threads
09:23:11.809 [JavaFX Application Thread] DEBUG MainWindow           - Closing main window
09:23:11.834 [JavaFX Application Thread] DEBUG Logger               - Closing Logger
